slurmstepd: error: *** JOB 1550568 ON node164 CANCELLED AT 2023-11-06T07:04:27 DUE TO TIME LIMIT ***
mpirun: Forwarding signal 18 to job
--------------------------------------------------------------------------
ORTE has lost communication with a remote daemon.

  HNP daemon   : [[59406,0],0] on node node164
  Remote daemon: [[59406,0],2] on node node166

This is usually due to either a failure of the TCP network
connection to the node, or possibly an internal failure of
the daemon itself. We cannot recover from this failure, and
therefore will terminate the job.
--------------------------------------------------------------------------
mpirun: abort is already in progress...hit ctrl-c again to forcibly terminate

[node164:31966] *** Process received signal ***
[node164:31966] Signal: Segmentation fault (11)
[node164:31966] Signal code: Address not mapped (1)
[node164:31966] Failing at address: 0x30
[node164:31966] [ 0] /lib64/libpthread.so.0(+0xf7e0)[0x7f4eedccd7e0]
[node164:31966] [ 1] /apps/parallel/openmpi/3.1.0/gnu/lib/openmpi/mca_pmix_pmix2x.so(OPAL_MCA_PMIX2X_PMIx_Finalize+0x50f)[0x7f4eeb07329f]
[node164:31966] [ 2] /apps/parallel/openmpi/3.1.0/gnu/lib/openmpi/mca_pmix_pmix2x.so(pmix2x_client_finalize+0x25b)[0x7f4eeb0485ab]
[node164:31966] [ 3] /apps/parallel/openmpi/3.1.0/gnu/lib/openmpi/mca_ess_hnp.so(+0x39f1)[0x7f4eec50a9f1]
[node164:31966] [ 4] /apps/parallel/openmpi/3.1.0/gnu/lib/openmpi/mca_ess_hnp.so(+0x3dad)[0x7f4eec50adad]
[node164:31966] [ 5] /apps/parallel/openmpi/3.1.0/gnu/lib/libopen-pal.so.40(opal_libevent2022_event_base_loop+0xb64)[0x7f4eeee13974]
[node164:31966] [ 6] mpirun[0x40128a]
[node164:31966] [ 7] /lib64/libc.so.6(__libc_start_main+0x100)[0x7f4eed948d20]
[node164:31966] [ 8] mpirun[0x400e89]
[node164:31966] *** End of error message ***
