Error in allocation
--------------------------------------------------------------------------
mpirun detected that one or more processes exited with non-zero status, thus causing
the job to be terminated. The first process to do so was:

  Process name: [[15169,1],0]
  Exit code:    255
--------------------------------------------------------------------------
Error in allocation
--------------------------------------------------------------------------
mpirun detected that one or more processes exited with non-zero status, thus causing
the job to be terminated. The first process to do so was:

  Process name: [[15076,1],0]
  Exit code:    255
--------------------------------------------------------------------------
Error in allocation
--------------------------------------------------------------------------
mpirun detected that one or more processes exited with non-zero status, thus causing
the job to be terminated. The first process to do so was:

  Process name: [[14721,1],0]
  Exit code:    255
--------------------------------------------------------------------------
Error in allocation
--------------------------------------------------------------------------
mpirun detected that one or more processes exited with non-zero status, thus causing
the job to be terminated. The first process to do so was:

  Process name: [[14673,1],0]
  Exit code:    255
--------------------------------------------------------------------------
Error in allocation
--------------------------------------------------------------------------
mpirun detected that one or more processes exited with non-zero status, thus causing
the job to be terminated. The first process to do so was:

  Process name: [[14386,1],0]
  Exit code:    255
--------------------------------------------------------------------------
Error in allocation
--------------------------------------------------------------------------
mpirun detected that one or more processes exited with non-zero status, thus causing
the job to be terminated. The first process to do so was:

  Process name: [[14274,1],0]
  Exit code:    255
--------------------------------------------------------------------------
Error in allocation
--------------------------------------------------------------------------
mpirun detected that one or more processes exited with non-zero status, thus causing
the job to be terminated. The first process to do so was:

  Process name: [[14008,1],0]
  Exit code:    255
--------------------------------------------------------------------------
Error in allocation
--------------------------------------------------------------------------
mpirun detected that one or more processes exited with non-zero status, thus causing
the job to be terminated. The first process to do so was:

  Process name: [[13900,1],0]
  Exit code:    255
--------------------------------------------------------------------------
Error in allocation
--------------------------------------------------------------------------
mpirun detected that one or more processes exited with non-zero status, thus causing
the job to be terminated. The first process to do so was:

  Process name: [[13804,1],0]
  Exit code:    255
--------------------------------------------------------------------------
Error in allocation
--------------------------------------------------------------------------
mpirun detected that one or more processes exited with non-zero status, thus causing
the job to be terminated. The first process to do so was:

  Process name: [[13462,1],0]
  Exit code:    255
--------------------------------------------------------------------------
Error in allocation
--------------------------------------------------------------------------
mpirun detected that one or more processes exited with non-zero status, thus causing
the job to be terminated. The first process to do so was:

  Process name: [[13367,1],0]
  Exit code:    255
--------------------------------------------------------------------------
Error in allocation
--------------------------------------------------------------------------
mpirun detected that one or more processes exited with non-zero status, thus causing
the job to be terminated. The first process to do so was:

  Process name: [[13265,1],0]
  Exit code:    255
--------------------------------------------------------------------------
Error in allocation
--------------------------------------------------------------------------
mpirun detected that one or more processes exited with non-zero status, thus causing
the job to be terminated. The first process to do so was:

  Process name: [[13169,1],0]
  Exit code:    255
--------------------------------------------------------------------------
Error in allocation
--------------------------------------------------------------------------
mpirun detected that one or more processes exited with non-zero status, thus causing
the job to be terminated. The first process to do so was:

  Process name: [[12827,1],0]
  Exit code:    255
--------------------------------------------------------------------------
Error in allocation
--------------------------------------------------------------------------
mpirun detected that one or more processes exited with non-zero status, thus causing
the job to be terminated. The first process to do so was:

  Process name: [[12722,1],0]
  Exit code:    255
--------------------------------------------------------------------------
Error in allocation
--------------------------------------------------------------------------
mpirun detected that one or more processes exited with non-zero status, thus causing
the job to be terminated. The first process to do so was:

  Process name: [[12628,1],0]
  Exit code:    255
--------------------------------------------------------------------------
Error in allocation
--------------------------------------------------------------------------
mpirun detected that one or more processes exited with non-zero status, thus causing
the job to be terminated. The first process to do so was:

  Process name: [[12530,1],0]
  Exit code:    255
--------------------------------------------------------------------------
Error in allocation
--------------------------------------------------------------------------
mpirun detected that one or more processes exited with non-zero status, thus causing
the job to be terminated. The first process to do so was:

  Process name: [[3996,1],0]
  Exit code:    255
--------------------------------------------------------------------------
Error in allocation
--------------------------------------------------------------------------
mpirun detected that one or more processes exited with non-zero status, thus causing
the job to be terminated. The first process to do so was:

  Process name: [[3884,1],0]
  Exit code:    255
--------------------------------------------------------------------------
Error in allocation
--------------------------------------------------------------------------
mpirun detected that one or more processes exited with non-zero status, thus causing
the job to be terminated. The first process to do so was:

  Process name: [[3785,1],0]
  Exit code:    255
--------------------------------------------------------------------------
Error in allocation
--------------------------------------------------------------------------
mpirun detected that one or more processes exited with non-zero status, thus causing
the job to be terminated. The first process to do so was:

  Process name: [[3700,1],0]
  Exit code:    255
--------------------------------------------------------------------------
Error in allocation
--------------------------------------------------------------------------
mpirun detected that one or more processes exited with non-zero status, thus causing
the job to be terminated. The first process to do so was:

  Process name: [[3358,1],0]
  Exit code:    255
--------------------------------------------------------------------------
Error in allocation
--------------------------------------------------------------------------
mpirun detected that one or more processes exited with non-zero status, thus causing
the job to be terminated. The first process to do so was:

  Process name: [[3256,1],0]
  Exit code:    255
--------------------------------------------------------------------------
Error in allocation
--------------------------------------------------------------------------
mpirun detected that one or more processes exited with non-zero status, thus causing
the job to be terminated. The first process to do so was:

  Process name: [[3106,1],0]
  Exit code:    255
--------------------------------------------------------------------------
Error in allocation
--------------------------------------------------------------------------
mpirun detected that one or more processes exited with non-zero status, thus causing
the job to be terminated. The first process to do so was:

  Process name: [[3020,1],0]
  Exit code:    255
--------------------------------------------------------------------------
Error in allocation
--------------------------------------------------------------------------
mpirun detected that one or more processes exited with non-zero status, thus causing
the job to be terminated. The first process to do so was:

  Process name: [[2934,1],0]
  Exit code:    255
--------------------------------------------------------------------------
Error in allocation
--------------------------------------------------------------------------
mpirun detected that one or more processes exited with non-zero status, thus causing
the job to be terminated. The first process to do so was:

  Process name: [[2576,1],0]
  Exit code:    255
--------------------------------------------------------------------------
Error in allocation
--------------------------------------------------------------------------
mpirun detected that one or more processes exited with non-zero status, thus causing
the job to be terminated. The first process to do so was:

  Process name: [[2490,1],0]
  Exit code:    255
--------------------------------------------------------------------------
Error in allocation
--------------------------------------------------------------------------
mpirun detected that one or more processes exited with non-zero status, thus causing
the job to be terminated. The first process to do so was:

  Process name: [[2342,1],0]
  Exit code:    255
--------------------------------------------------------------------------
Error in allocation
--------------------------------------------------------------------------
mpirun detected that one or more processes exited with non-zero status, thus causing
the job to be terminated. The first process to do so was:

  Process name: [[2240,1],0]
  Exit code:    255
--------------------------------------------------------------------------
Error in allocation
--------------------------------------------------------------------------
mpirun detected that one or more processes exited with non-zero status, thus causing
the job to be terminated. The first process to do so was:

  Process name: [[2145,1],0]
  Exit code:    255
--------------------------------------------------------------------------
Error in allocation
--------------------------------------------------------------------------
mpirun detected that one or more processes exited with non-zero status, thus causing
the job to be terminated. The first process to do so was:

  Process name: [[1847,1],0]
  Exit code:    255
--------------------------------------------------------------------------
Error in allocation
--------------------------------------------------------------------------
mpirun detected that one or more processes exited with non-zero status, thus causing
the job to be terminated. The first process to do so was:

  Process name: [[1788,1],0]
  Exit code:    255
--------------------------------------------------------------------------
Error in allocation
--------------------------------------------------------------------------
mpirun detected that one or more processes exited with non-zero status, thus causing
the job to be terminated. The first process to do so was:

  Process name: [[1410,1],0]
  Exit code:    255
--------------------------------------------------------------------------
Error in allocation
--------------------------------------------------------------------------
mpirun detected that one or more processes exited with non-zero status, thus causing
the job to be terminated. The first process to do so was:

  Process name: [[1352,1],0]
  Exit code:    255
--------------------------------------------------------------------------
Error in allocation
--------------------------------------------------------------------------
mpirun detected that one or more processes exited with non-zero status, thus causing
the job to be terminated. The first process to do so was:

  Process name: [[1054,1],0]
  Exit code:    255
--------------------------------------------------------------------------
Error in allocation
--------------------------------------------------------------------------
mpirun detected that one or more processes exited with non-zero status, thus causing
the job to be terminated. The first process to do so was:

  Process name: [[932,1],0]
  Exit code:    255
--------------------------------------------------------------------------
Error in allocation
--------------------------------------------------------------------------
mpirun detected that one or more processes exited with non-zero status, thus causing
the job to be terminated. The first process to do so was:

  Process name: [[874,1],0]
  Exit code:    255
--------------------------------------------------------------------------
Error in allocation
--------------------------------------------------------------------------
mpirun detected that one or more processes exited with non-zero status, thus causing
the job to be terminated. The first process to do so was:

  Process name: [[560,1],0]
  Exit code:    255
--------------------------------------------------------------------------
Error in allocation
--------------------------------------------------------------------------
mpirun detected that one or more processes exited with non-zero status, thus causing
the job to be terminated. The first process to do so was:

  Process name: [[454,1],0]
  Exit code:    255
--------------------------------------------------------------------------
Error in allocation
--------------------------------------------------------------------------
mpirun detected that one or more processes exited with non-zero status, thus causing
the job to be terminated. The first process to do so was:

  Process name: [[140,1],0]
  Exit code:    255
--------------------------------------------------------------------------
Error in allocation
--------------------------------------------------------------------------
mpirun detected that one or more processes exited with non-zero status, thus causing
the job to be terminated. The first process to do so was:

  Process name: [[82,1],0]
  Exit code:    255
--------------------------------------------------------------------------
Error in allocation
--------------------------------------------------------------------------
mpirun detected that one or more processes exited with non-zero status, thus causing
the job to be terminated. The first process to do so was:

  Process name: [[7960,1],0]
  Exit code:    255
--------------------------------------------------------------------------
Error in allocation
--------------------------------------------------------------------------
mpirun detected that one or more processes exited with non-zero status, thus causing
the job to be terminated. The first process to do so was:

  Process name: [[7854,1],0]
  Exit code:    255
--------------------------------------------------------------------------
Error in allocation
--------------------------------------------------------------------------
mpirun detected that one or more processes exited with non-zero status, thus causing
the job to be terminated. The first process to do so was:

  Process name: [[7796,1],0]
  Exit code:    255
--------------------------------------------------------------------------
Error in allocation
--------------------------------------------------------------------------
mpirun detected that one or more processes exited with non-zero status, thus causing
the job to be terminated. The first process to do so was:

  Process name: [[7482,1],0]
  Exit code:    255
--------------------------------------------------------------------------
Error in allocation
--------------------------------------------------------------------------
mpirun detected that one or more processes exited with non-zero status, thus causing
the job to be terminated. The first process to do so was:

  Process name: [[7360,1],0]
  Exit code:    255
--------------------------------------------------------------------------
Error in allocation
--------------------------------------------------------------------------
mpirun detected that one or more processes exited with non-zero status, thus causing
the job to be terminated. The first process to do so was:

  Process name: [[7048,1],0]
  Exit code:    255
--------------------------------------------------------------------------
Error in allocation
--------------------------------------------------------------------------
mpirun detected that one or more processes exited with non-zero status, thus causing
the job to be terminated. The first process to do so was:

  Process name: [[7006,1],0]
  Exit code:    255
--------------------------------------------------------------------------
Error in allocation
--------------------------------------------------------------------------
mpirun detected that one or more processes exited with non-zero status, thus causing
the job to be terminated. The first process to do so was:

  Process name: [[6884,1],0]
  Exit code:    255
--------------------------------------------------------------------------
Error in allocation
--------------------------------------------------------------------------
mpirun detected that one or more processes exited with non-zero status, thus causing
the job to be terminated. The first process to do so was:

  Process name: [[6570,1],0]
  Exit code:    255
--------------------------------------------------------------------------
Error in allocation
--------------------------------------------------------------------------
mpirun detected that one or more processes exited with non-zero status, thus causing
the job to be terminated. The first process to do so was:

  Process name: [[6512,1],0]
  Exit code:    255
--------------------------------------------------------------------------
Error in allocation
--------------------------------------------------------------------------
mpirun detected that one or more processes exited with non-zero status, thus causing
the job to be terminated. The first process to do so was:

  Process name: [[6150,1],0]
  Exit code:    255
--------------------------------------------------------------------------
Error in allocation
--------------------------------------------------------------------------
mpirun detected that one or more processes exited with non-zero status, thus causing
the job to be terminated. The first process to do so was:

  Process name: [[6092,1],0]
  Exit code:    255
--------------------------------------------------------------------------
Error in allocation
--------------------------------------------------------------------------
mpirun detected that one or more processes exited with non-zero status, thus causing
the job to be terminated. The first process to do so was:

  Process name: [[5778,1],0]
  Exit code:    255
--------------------------------------------------------------------------
Error in allocation
--------------------------------------------------------------------------
mpirun detected that one or more processes exited with non-zero status, thus causing
the job to be terminated. The first process to do so was:

  Process name: [[5720,1],0]
  Exit code:    255
--------------------------------------------------------------------------
Error in allocation
--------------------------------------------------------------------------
mpirun detected that one or more processes exited with non-zero status, thus causing
the job to be terminated. The first process to do so was:

  Process name: [[5614,1],0]
  Exit code:    255
--------------------------------------------------------------------------
Error in allocation
--------------------------------------------------------------------------
mpirun detected that one or more processes exited with non-zero status, thus causing
the job to be terminated. The first process to do so was:

  Process name: [[5300,1],0]
  Exit code:    255
--------------------------------------------------------------------------
Error in allocation
--------------------------------------------------------------------------
mpirun detected that one or more processes exited with non-zero status, thus causing
the job to be terminated. The first process to do so was:

  Process name: [[5244,1],0]
  Exit code:    255
--------------------------------------------------------------------------
Error in allocation
--------------------------------------------------------------------------
mpirun detected that one or more processes exited with non-zero status, thus causing
the job to be terminated. The first process to do so was:

  Process name: [[4866,1],0]
  Exit code:    255
--------------------------------------------------------------------------
slurmstepd: error: *** JOB 1550570 ON node001 CANCELLED AT 2023-11-06T07:10:56 DUE TO TIME LIMIT ***
mpirun: Forwarding signal 18 to job
