Error in allocation
--------------------------------------------------------------------------
mpirun detected that one or more processes exited with non-zero status, thus causing
the job to be terminated. The first process to do so was:

  Process name: [[46331,1],0]
  Exit code:    255
--------------------------------------------------------------------------
Error in allocation
--------------------------------------------------------------------------
mpirun detected that one or more processes exited with non-zero status, thus causing
the job to be terminated. The first process to do so was:

  Process name: [[46887,1],0]
  Exit code:    255
--------------------------------------------------------------------------
Error in allocation
--------------------------------------------------------------------------
mpirun detected that one or more processes exited with non-zero status, thus causing
the job to be terminated. The first process to do so was:

  Process name: [[46665,1],0]
  Exit code:    255
--------------------------------------------------------------------------
Error in allocation
--------------------------------------------------------------------------
mpirun detected that one or more processes exited with non-zero status, thus causing
the job to be terminated. The first process to do so was:

  Process name: [[47478,1],0]
  Exit code:    255
--------------------------------------------------------------------------
Error in allocation
--------------------------------------------------------------------------
mpirun detected that one or more processes exited with non-zero status, thus causing
the job to be terminated. The first process to do so was:

  Process name: [[47512,1],0]
  Exit code:    255
--------------------------------------------------------------------------
Error in allocation
--------------------------------------------------------------------------
mpirun detected that one or more processes exited with non-zero status, thus causing
the job to be terminated. The first process to do so was:

  Process name: [[47298,1],0]
  Exit code:    255
--------------------------------------------------------------------------
Error in allocation
--------------------------------------------------------------------------
mpirun detected that one or more processes exited with non-zero status, thus causing
the job to be terminated. The first process to do so was:

  Process name: [[48116,1],0]
  Exit code:    255
--------------------------------------------------------------------------
Error in allocation
--------------------------------------------------------------------------
mpirun detected that one or more processes exited with non-zero status, thus causing
the job to be terminated. The first process to do so was:

  Process name: [[47646,1],0]
  Exit code:    255
--------------------------------------------------------------------------
Error in allocation
--------------------------------------------------------------------------
mpirun detected that one or more processes exited with non-zero status, thus causing
the job to be terminated. The first process to do so was:

  Process name: [[48453,1],0]
  Exit code:    255
--------------------------------------------------------------------------
Error in allocation
--------------------------------------------------------------------------
mpirun detected that one or more processes exited with non-zero status, thus causing
the job to be terminated. The first process to do so was:

  Process name: [[48239,1],0]
  Exit code:    255
--------------------------------------------------------------------------
Error in allocation
--------------------------------------------------------------------------
mpirun detected that one or more processes exited with non-zero status, thus causing
the job to be terminated. The first process to do so was:

  Process name: [[48259,1],0]
  Exit code:    255
--------------------------------------------------------------------------
Error in allocation
--------------------------------------------------------------------------
mpirun detected that one or more processes exited with non-zero status, thus causing
the job to be terminated. The first process to do so was:

  Process name: [[49077,1],0]
  Exit code:    255
--------------------------------------------------------------------------
Error in allocation
--------------------------------------------------------------------------
mpirun detected that one or more processes exited with non-zero status, thus causing
the job to be terminated. The first process to do so was:

  Process name: [[48863,1],0]
  Exit code:    255
--------------------------------------------------------------------------
Error in allocation
--------------------------------------------------------------------------
mpirun detected that one or more processes exited with non-zero status, thus causing
the job to be terminated. The first process to do so was:

  Process name: [[49409,1],0]
  Exit code:    255
--------------------------------------------------------------------------
Error in allocation
--------------------------------------------------------------------------
mpirun detected that one or more processes exited with non-zero status, thus causing
the job to be terminated. The first process to do so was:

  Process name: [[49195,1],0]
  Exit code:    255
--------------------------------------------------------------------------
Error in allocation
--------------------------------------------------------------------------
mpirun detected that one or more processes exited with non-zero status, thus causing
the job to be terminated. The first process to do so was:

  Process name: [[49996,1],0]
  Exit code:    255
--------------------------------------------------------------------------
Error in allocation
--------------------------------------------------------------------------
mpirun detected that one or more processes exited with non-zero status, thus causing
the job to be terminated. The first process to do so was:

  Process name: [[49782,1],0]
  Exit code:    255
--------------------------------------------------------------------------
Error in allocation
--------------------------------------------------------------------------
mpirun detected that one or more processes exited with non-zero status, thus causing
the job to be terminated. The first process to do so was:

  Process name: [[49817,1],0]
  Exit code:    255
--------------------------------------------------------------------------
Error in allocation
--------------------------------------------------------------------------
mpirun detected that one or more processes exited with non-zero status, thus causing
the job to be terminated. The first process to do so was:

  Process name: [[50627,1],0]
  Exit code:    255
--------------------------------------------------------------------------
Error in allocation
--------------------------------------------------------------------------
mpirun detected that one or more processes exited with non-zero status, thus causing
the job to be terminated. The first process to do so was:

  Process name: [[50421,1],0]
  Exit code:    255
--------------------------------------------------------------------------
Error in allocation
--------------------------------------------------------------------------
mpirun detected that one or more processes exited with non-zero status, thus causing
the job to be terminated. The first process to do so was:

  Process name: [[50975,1],0]
  Exit code:    255
--------------------------------------------------------------------------
Error in allocation
--------------------------------------------------------------------------
mpirun detected that one or more processes exited with non-zero status, thus causing
the job to be terminated. The first process to do so was:

  Process name: [[50753,1],0]
  Exit code:    255
--------------------------------------------------------------------------
Error in allocation
--------------------------------------------------------------------------
mpirun detected that one or more processes exited with non-zero status, thus causing
the job to be terminated. The first process to do so was:

  Process name: [[51563,1],0]
  Exit code:    255
--------------------------------------------------------------------------
Error in allocation
--------------------------------------------------------------------------
mpirun detected that one or more processes exited with non-zero status, thus causing
the job to be terminated. The first process to do so was:

  Process name: [[51613,1],0]
  Exit code:    255
--------------------------------------------------------------------------
Error in allocation
--------------------------------------------------------------------------
mpirun detected that one or more processes exited with non-zero status, thus causing
the job to be terminated. The first process to do so was:

  Process name: [[51378,1],0]
  Exit code:    255
--------------------------------------------------------------------------
Error in allocation
--------------------------------------------------------------------------
mpirun detected that one or more processes exited with non-zero status, thus causing
the job to be terminated. The first process to do so was:

  Process name: [[52187,1],0]
  Exit code:    255
--------------------------------------------------------------------------
Error in allocation
--------------------------------------------------------------------------
mpirun detected that one or more processes exited with non-zero status, thus causing
the job to be terminated. The first process to do so was:

  Process name: [[51725,1],0]
  Exit code:    255
--------------------------------------------------------------------------
Error in allocation
--------------------------------------------------------------------------
mpirun detected that one or more processes exited with non-zero status, thus causing
the job to be terminated. The first process to do so was:

  Process name: [[52535,1],0]
  Exit code:    255
--------------------------------------------------------------------------
Error in allocation
--------------------------------------------------------------------------
mpirun detected that one or more processes exited with non-zero status, thus causing
the job to be terminated. The first process to do so was:

  Process name: [[52308,1],0]
  Exit code:    255
--------------------------------------------------------------------------
Error in allocation
--------------------------------------------------------------------------
mpirun detected that one or more processes exited with non-zero status, thus causing
the job to be terminated. The first process to do so was:

  Process name: [[53106,1],0]
  Exit code:    255
--------------------------------------------------------------------------
Error in allocation
--------------------------------------------------------------------------
mpirun detected that one or more processes exited with non-zero status, thus causing
the job to be terminated. The first process to do so was:

  Process name: [[59563,1],0]
  Exit code:    255
--------------------------------------------------------------------------
Error in allocation
--------------------------------------------------------------------------
mpirun detected that one or more processes exited with non-zero status, thus causing
the job to be terminated. The first process to do so was:

  Process name: [[60381,1],0]
  Exit code:    255
--------------------------------------------------------------------------
Error in allocation
--------------------------------------------------------------------------
mpirun detected that one or more processes exited with non-zero status, thus causing
the job to be terminated. The first process to do so was:

  Process name: [[60158,1],0]
  Exit code:    255
--------------------------------------------------------------------------
Error in allocation
--------------------------------------------------------------------------
mpirun detected that one or more processes exited with non-zero status, thus causing
the job to be terminated. The first process to do so was:

  Process name: [[60691,1],0]
  Exit code:    255
--------------------------------------------------------------------------
Error in allocation
--------------------------------------------------------------------------
mpirun detected that one or more processes exited with non-zero status, thus causing
the job to be terminated. The first process to do so was:

  Process name: [[60485,1],0]
  Exit code:    255
--------------------------------------------------------------------------
Error in allocation
--------------------------------------------------------------------------
mpirun detected that one or more processes exited with non-zero status, thus causing
the job to be terminated. The first process to do so was:

  Process name: [[61295,1],0]
  Exit code:    255
--------------------------------------------------------------------------
Error in allocation
--------------------------------------------------------------------------
mpirun detected that one or more processes exited with non-zero status, thus causing
the job to be terminated. The first process to do so was:

  Process name: [[61324,1],0]
  Exit code:    255
--------------------------------------------------------------------------
Error in allocation
--------------------------------------------------------------------------
mpirun detected that one or more processes exited with non-zero status, thus causing
the job to be terminated. The first process to do so was:

  Process name: [[61111,1],0]
  Exit code:    255
--------------------------------------------------------------------------
Error in allocation
--------------------------------------------------------------------------
mpirun detected that one or more processes exited with non-zero status, thus causing
the job to be terminated. The first process to do so was:

  Process name: [[61907,1],0]
  Exit code:    255
--------------------------------------------------------------------------
Error in allocation
--------------------------------------------------------------------------
mpirun detected that one or more processes exited with non-zero status, thus causing
the job to be terminated. The first process to do so was:

  Process name: [[61445,1],0]
  Exit code:    255
--------------------------------------------------------------------------
Error in allocation
--------------------------------------------------------------------------
mpirun detected that one or more processes exited with non-zero status, thus causing
the job to be terminated. The first process to do so was:

  Process name: [[62255,1],0]
  Exit code:    255
--------------------------------------------------------------------------
Error in allocation
--------------------------------------------------------------------------
mpirun detected that one or more processes exited with non-zero status, thus causing
the job to be terminated. The first process to do so was:

  Process name: [[62029,1],0]
  Exit code:    255
--------------------------------------------------------------------------
Error in allocation
--------------------------------------------------------------------------
mpirun detected that one or more processes exited with non-zero status, thus causing
the job to be terminated. The first process to do so was:

  Process name: [[62839,1],0]
  Exit code:    255
--------------------------------------------------------------------------
Error in allocation
--------------------------------------------------------------------------
mpirun detected that one or more processes exited with non-zero status, thus causing
the job to be terminated. The first process to do so was:

  Process name: [[62873,1],0]
  Exit code:    255
--------------------------------------------------------------------------
Error in allocation
--------------------------------------------------------------------------
mpirun detected that one or more processes exited with non-zero status, thus causing
the job to be terminated. The first process to do so was:

  Process name: [[62659,1],0]
  Exit code:    255
--------------------------------------------------------------------------
Error in allocation
--------------------------------------------------------------------------
mpirun detected that one or more processes exited with non-zero status, thus causing
the job to be terminated. The first process to do so was:

  Process name: [[63477,1],0]
  Exit code:    255
--------------------------------------------------------------------------
Error in allocation
--------------------------------------------------------------------------
mpirun detected that one or more processes exited with non-zero status, thus causing
the job to be terminated. The first process to do so was:

  Process name: [[63007,1],0]
  Exit code:    255
--------------------------------------------------------------------------
Error in allocation
--------------------------------------------------------------------------
mpirun detected that one or more processes exited with non-zero status, thus causing
the job to be terminated. The first process to do so was:

  Process name: [[63814,1],0]
  Exit code:    255
--------------------------------------------------------------------------
Error in allocation
--------------------------------------------------------------------------
mpirun detected that one or more processes exited with non-zero status, thus causing
the job to be terminated. The first process to do so was:

  Process name: [[63592,1],0]
  Exit code:    255
--------------------------------------------------------------------------
Error in allocation
--------------------------------------------------------------------------
mpirun detected that one or more processes exited with non-zero status, thus causing
the job to be terminated. The first process to do so was:

  Process name: [[63634,1],0]
  Exit code:    255
--------------------------------------------------------------------------
Error in allocation
--------------------------------------------------------------------------
mpirun detected that one or more processes exited with non-zero status, thus causing
the job to be terminated. The first process to do so was:

  Process name: [[64452,1],0]
  Exit code:    255
--------------------------------------------------------------------------
Error in allocation
--------------------------------------------------------------------------
mpirun detected that one or more processes exited with non-zero status, thus causing
the job to be terminated. The first process to do so was:

  Process name: [[64238,1],0]
  Exit code:    255
--------------------------------------------------------------------------
Error in allocation
--------------------------------------------------------------------------
mpirun detected that one or more processes exited with non-zero status, thus causing
the job to be terminated. The first process to do so was:

  Process name: [[64784,1],0]
  Exit code:    255
--------------------------------------------------------------------------
Error in allocation
--------------------------------------------------------------------------
mpirun detected that one or more processes exited with non-zero status, thus causing
the job to be terminated. The first process to do so was:

  Process name: [[64570,1],0]
  Exit code:    255
--------------------------------------------------------------------------
Error in allocation
--------------------------------------------------------------------------
mpirun detected that one or more processes exited with non-zero status, thus causing
the job to be terminated. The first process to do so was:

  Process name: [[65388,1],0]
  Exit code:    255
--------------------------------------------------------------------------
Error in allocation
--------------------------------------------------------------------------
mpirun detected that one or more processes exited with non-zero status, thus causing
the job to be terminated. The first process to do so was:

  Process name: [[65430,1],0]
  Exit code:    255
--------------------------------------------------------------------------
Error in allocation
--------------------------------------------------------------------------
mpirun detected that one or more processes exited with non-zero status, thus causing
the job to be terminated. The first process to do so was:

  Process name: [[65208,1],0]
  Exit code:    255
--------------------------------------------------------------------------
Error in allocation
--------------------------------------------------------------------------
mpirun detected that one or more processes exited with non-zero status, thus causing
the job to be terminated. The first process to do so was:

  Process name: [[33655,1],0]
  Exit code:    255
--------------------------------------------------------------------------
Error in allocation
--------------------------------------------------------------------------
mpirun detected that one or more processes exited with non-zero status, thus causing
the job to be terminated. The first process to do so was:

  Process name: [[33396,1],0]
  Exit code:    255
--------------------------------------------------------------------------
Error in allocation
--------------------------------------------------------------------------
mpirun detected that one or more processes exited with non-zero status, thus causing
the job to be terminated. The first process to do so was:

  Process name: [[33438,1],0]
  Exit code:    255
--------------------------------------------------------------------------
Error in allocation
--------------------------------------------------------------------------
mpirun detected that one or more processes exited with non-zero status, thus causing
the job to be terminated. The first process to do so was:

  Process name: [[41361,1],0]
  Exit code:    255
--------------------------------------------------------------------------
Error in allocation
--------------------------------------------------------------------------
mpirun detected that one or more processes exited with non-zero status, thus causing
the job to be terminated. The first process to do so was:

  Process name: [[41147,1],0]
  Exit code:    255
--------------------------------------------------------------------------
Error in allocation
--------------------------------------------------------------------------
mpirun detected that one or more processes exited with non-zero status, thus causing
the job to be terminated. The first process to do so was:

  Process name: [[41965,1],0]
  Exit code:    255
--------------------------------------------------------------------------
Error in allocation
--------------------------------------------------------------------------
mpirun detected that one or more processes exited with non-zero status, thus causing
the job to be terminated. The first process to do so was:

  Process name: [[41495,1],0]
  Exit code:    255
--------------------------------------------------------------------------
Error in allocation
--------------------------------------------------------------------------
mpirun detected that one or more processes exited with non-zero status, thus causing
the job to be terminated. The first process to do so was:

  Process name: [[42297,1],0]
  Exit code:    255
--------------------------------------------------------------------------
Error in allocation
--------------------------------------------------------------------------
mpirun detected that one or more processes exited with non-zero status, thus causing
the job to be terminated. The first process to do so was:

  Process name: [[42083,1],0]
  Exit code:    255
--------------------------------------------------------------------------
Error in allocation
--------------------------------------------------------------------------
mpirun detected that one or more processes exited with non-zero status, thus causing
the job to be terminated. The first process to do so was:

  Process name: [[42133,1],0]
  Exit code:    255
--------------------------------------------------------------------------
Error in allocation
--------------------------------------------------------------------------
mpirun detected that one or more processes exited with non-zero status, thus causing
the job to be terminated. The first process to do so was:

  Process name: [[42943,1],0]
  Exit code:    255
--------------------------------------------------------------------------
Error in allocation
--------------------------------------------------------------------------
mpirun detected that one or more processes exited with non-zero status, thus causing
the job to be terminated. The first process to do so was:

  Process name: [[42721,1],0]
  Exit code:    255
--------------------------------------------------------------------------
Error in allocation
--------------------------------------------------------------------------
mpirun detected that one or more processes exited with non-zero status, thus causing
the job to be terminated. The first process to do so was:

  Process name: [[43234,1],0]
  Exit code:    255
--------------------------------------------------------------------------
Error in allocation
--------------------------------------------------------------------------
mpirun detected that one or more processes exited with non-zero status, thus causing
the job to be terminated. The first process to do so was:

  Process name: [[43785,1],0]
  Exit code:    255
--------------------------------------------------------------------------
Error in allocation
--------------------------------------------------------------------------
mpirun detected that one or more processes exited with non-zero status, thus causing
the job to be terminated. The first process to do so was:

  Process name: [[43571,1],0]
  Exit code:    255
--------------------------------------------------------------------------
Error in allocation
--------------------------------------------------------------------------
mpirun detected that one or more processes exited with non-zero status, thus causing
the job to be terminated. The first process to do so was:

  Process name: [[44389,1],0]
  Exit code:    255
--------------------------------------------------------------------------
Error in allocation
--------------------------------------------------------------------------
mpirun detected that one or more processes exited with non-zero status, thus causing
the job to be terminated. The first process to do so was:

  Process name: [[44431,1],0]
  Exit code:    255
--------------------------------------------------------------------------
Error in allocation
--------------------------------------------------------------------------
mpirun detected that one or more processes exited with non-zero status, thus causing
the job to be terminated. The first process to do so was:

  Process name: [[44209,1],0]
  Exit code:    255
--------------------------------------------------------------------------
Error in allocation
--------------------------------------------------------------------------
mpirun detected that one or more processes exited with non-zero status, thus causing
the job to be terminated. The first process to do so was:

  Process name: [[45016,1],0]
  Exit code:    255
--------------------------------------------------------------------------
Error in allocation
--------------------------------------------------------------------------
mpirun detected that one or more processes exited with non-zero status, thus causing
the job to be terminated. The first process to do so was:

  Process name: [[44545,1],0]
  Exit code:    255
--------------------------------------------------------------------------
Error in allocation
--------------------------------------------------------------------------
mpirun detected that one or more processes exited with non-zero status, thus causing
the job to be terminated. The first process to do so was:

  Process name: [[45355,1],0]
  Exit code:    255
--------------------------------------------------------------------------
Error in allocation
--------------------------------------------------------------------------
mpirun detected that one or more processes exited with non-zero status, thus causing
the job to be terminated. The first process to do so was:

  Process name: [[45149,1],0]
  Exit code:    255
--------------------------------------------------------------------------
Error in allocation
--------------------------------------------------------------------------
mpirun detected that one or more processes exited with non-zero status, thus causing
the job to be terminated. The first process to do so was:

  Process name: [[45191,1],0]
  Exit code:    255
--------------------------------------------------------------------------
Error in allocation
--------------------------------------------------------------------------
mpirun detected that one or more processes exited with non-zero status, thus causing
the job to be terminated. The first process to do so was:

  Process name: [[45993,1],0]
  Exit code:    255
--------------------------------------------------------------------------
Error in allocation
--------------------------------------------------------------------------
mpirun detected that one or more processes exited with non-zero status, thus causing
the job to be terminated. The first process to do so was:

  Process name: [[45779,1],0]
  Exit code:    255
--------------------------------------------------------------------------
Error in allocation
--------------------------------------------------------------------------
mpirun detected that one or more processes exited with non-zero status, thus causing
the job to be terminated. The first process to do so was:

  Process name: [[46341,1],0]
  Exit code:    255
--------------------------------------------------------------------------
Error in allocation
--------------------------------------------------------------------------
mpirun detected that one or more processes exited with non-zero status, thus causing
the job to be terminated. The first process to do so was:

  Process name: [[46127,1],0]
  Exit code:    255
--------------------------------------------------------------------------
Error in allocation
--------------------------------------------------------------------------
mpirun detected that one or more processes exited with non-zero status, thus causing
the job to be terminated. The first process to do so was:

  Process name: [[46923,1],0]
  Exit code:    255
--------------------------------------------------------------------------
Error in allocation
--------------------------------------------------------------------------
mpirun detected that one or more processes exited with non-zero status, thus causing
the job to be terminated. The first process to do so was:

  Process name: [[46703,1],0]
  Exit code:    255
--------------------------------------------------------------------------
Error in allocation
--------------------------------------------------------------------------
mpirun detected that one or more processes exited with non-zero status, thus causing
the job to be terminated. The first process to do so was:

  Process name: [[46740,1],0]
  Exit code:    255
--------------------------------------------------------------------------
Error in allocation
--------------------------------------------------------------------------
mpirun detected that one or more processes exited with non-zero status, thus causing
the job to be terminated. The first process to do so was:

  Process name: [[47550,1],0]
  Exit code:    255
--------------------------------------------------------------------------
Error in allocation
--------------------------------------------------------------------------
mpirun detected that one or more processes exited with non-zero status, thus causing
the job to be terminated. The first process to do so was:

  Process name: [[47328,1],0]
  Exit code:    255
--------------------------------------------------------------------------
Error in allocation
--------------------------------------------------------------------------
mpirun detected that one or more processes exited with non-zero status, thus causing
the job to be terminated. The first process to do so was:

  Process name: [[47882,1],0]
  Exit code:    255
--------------------------------------------------------------------------
Error in allocation
--------------------------------------------------------------------------
mpirun detected that one or more processes exited with non-zero status, thus causing
the job to be terminated. The first process to do so was:

  Process name: [[55126,1],0]
  Exit code:    255
--------------------------------------------------------------------------
Error in allocation
--------------------------------------------------------------------------
mpirun detected that one or more processes exited with non-zero status, thus causing
the job to be terminated. The first process to do so was:

  Process name: [[54909,1],0]
  Exit code:    255
--------------------------------------------------------------------------
Error in allocation
--------------------------------------------------------------------------
mpirun detected that one or more processes exited with non-zero status, thus causing
the job to be terminated. The first process to do so was:

  Process name: [[54951,1],0]
  Exit code:    255
--------------------------------------------------------------------------
Error in allocation
--------------------------------------------------------------------------
mpirun detected that one or more processes exited with non-zero status, thus causing
the job to be terminated. The first process to do so was:

  Process name: [[55753,1],0]
  Exit code:    255
--------------------------------------------------------------------------
Error in allocation
--------------------------------------------------------------------------
mpirun detected that one or more processes exited with non-zero status, thus causing
the job to be terminated. The first process to do so was:

  Process name: [[55539,1],0]
  Exit code:    255
--------------------------------------------------------------------------
Error in allocation
--------------------------------------------------------------------------
mpirun detected that one or more processes exited with non-zero status, thus causing
the job to be terminated. The first process to do so was:

  Process name: [[56291,1],0]
  Exit code:    255
--------------------------------------------------------------------------
Error in allocation
--------------------------------------------------------------------------
mpirun detected that one or more processes exited with non-zero status, thus causing
the job to be terminated. The first process to do so was:

  Process name: [[55829,1],0]
  Exit code:    255
--------------------------------------------------------------------------
Error in allocation
--------------------------------------------------------------------------
mpirun detected that one or more processes exited with non-zero status, thus causing
the job to be terminated. The first process to do so was:

  Process name: [[56639,1],0]
  Exit code:    255
--------------------------------------------------------------------------
Error in allocation
--------------------------------------------------------------------------
mpirun detected that one or more processes exited with non-zero status, thus causing
the job to be terminated. The first process to do so was:

  Process name: [[56417,1],0]
  Exit code:    255
--------------------------------------------------------------------------
Error in allocation
--------------------------------------------------------------------------
mpirun detected that one or more processes exited with non-zero status, thus causing
the job to be terminated. The first process to do so was:

  Process name: [[56459,1],0]
  Exit code:    255
--------------------------------------------------------------------------
Error in allocation
--------------------------------------------------------------------------
mpirun detected that one or more processes exited with non-zero status, thus causing
the job to be terminated. The first process to do so was:

  Process name: [[57256,1],0]
  Exit code:    255
--------------------------------------------------------------------------
Error in allocation
--------------------------------------------------------------------------
mpirun detected that one or more processes exited with non-zero status, thus causing
the job to be terminated. The first process to do so was:

  Process name: [[57041,1],0]
  Exit code:    255
--------------------------------------------------------------------------
Error in allocation
--------------------------------------------------------------------------
mpirun detected that one or more processes exited with non-zero status, thus causing
the job to be terminated. The first process to do so was:

  Process name: [[57848,1],0]
  Exit code:    255
--------------------------------------------------------------------------
Error in allocation
--------------------------------------------------------------------------
mpirun detected that one or more processes exited with non-zero status, thus causing
the job to be terminated. The first process to do so was:

  Process name: [[57378,1],0]
  Exit code:    255
--------------------------------------------------------------------------
Error in allocation
--------------------------------------------------------------------------
mpirun detected that one or more processes exited with non-zero status, thus causing
the job to be terminated. The first process to do so was:

  Process name: [[58196,1],0]
  Exit code:    255
--------------------------------------------------------------------------
Error in allocation
--------------------------------------------------------------------------
mpirun detected that one or more processes exited with non-zero status, thus causing
the job to be terminated. The first process to do so was:

  Process name: [[57982,1],0]
  Exit code:    255
--------------------------------------------------------------------------
Error in allocation
--------------------------------------------------------------------------
mpirun detected that one or more processes exited with non-zero status, thus causing
the job to be terminated. The first process to do so was:

  Process name: [[58016,1],0]
  Exit code:    255
--------------------------------------------------------------------------
Error in allocation
--------------------------------------------------------------------------
mpirun detected that one or more processes exited with non-zero status, thus causing
the job to be terminated. The first process to do so was:

  Process name: [[58826,1],0]
  Exit code:    255
--------------------------------------------------------------------------
Error in allocation
--------------------------------------------------------------------------
mpirun detected that one or more processes exited with non-zero status, thus causing
the job to be terminated. The first process to do so was:

  Process name: [[58620,1],0]
  Exit code:    255
--------------------------------------------------------------------------
Error in allocation
--------------------------------------------------------------------------
mpirun detected that one or more processes exited with non-zero status, thus causing
the job to be terminated. The first process to do so was:

  Process name: [[59174,1],0]
  Exit code:    255
--------------------------------------------------------------------------
Error in allocation
--------------------------------------------------------------------------
mpirun detected that one or more processes exited with non-zero status, thus causing
the job to be terminated. The first process to do so was:

  Process name: [[58952,1],0]
  Exit code:    255
--------------------------------------------------------------------------
Error in allocation
--------------------------------------------------------------------------
mpirun detected that one or more processes exited with non-zero status, thus causing
the job to be terminated. The first process to do so was:

  Process name: [[59763,1],0]
  Exit code:    255
--------------------------------------------------------------------------
Error in allocation
--------------------------------------------------------------------------
mpirun detected that one or more processes exited with non-zero status, thus causing
the job to be terminated. The first process to do so was:

  Process name: [[59813,1],0]
  Exit code:    255
--------------------------------------------------------------------------
Error in allocation
--------------------------------------------------------------------------
mpirun detected that one or more processes exited with non-zero status, thus causing
the job to be terminated. The first process to do so was:

  Process name: [[59599,1],0]
  Exit code:    255
--------------------------------------------------------------------------
Error in allocation
--------------------------------------------------------------------------
mpirun detected that one or more processes exited with non-zero status, thus causing
the job to be terminated. The first process to do so was:

  Process name: [[60401,1],0]
  Exit code:    255
--------------------------------------------------------------------------
Error in allocation
--------------------------------------------------------------------------
mpirun detected that one or more processes exited with non-zero status, thus causing
the job to be terminated. The first process to do so was:

  Process name: [[59922,1],0]
  Exit code:    255
--------------------------------------------------------------------------
Error in allocation
--------------------------------------------------------------------------
mpirun detected that one or more processes exited with non-zero status, thus causing
the job to be terminated. The first process to do so was:

  Process name: [[60727,1],0]
  Exit code:    255
--------------------------------------------------------------------------
Error in allocation
--------------------------------------------------------------------------
mpirun detected that one or more processes exited with non-zero status, thus causing
the job to be terminated. The first process to do so was:

  Process name: [[60505,1],0]
  Exit code:    255
--------------------------------------------------------------------------
Error in allocation
--------------------------------------------------------------------------
mpirun detected that one or more processes exited with non-zero status, thus causing
the job to be terminated. The first process to do so was:

  Process name: [[60547,1],0]
  Exit code:    255
--------------------------------------------------------------------------
Error in allocation
--------------------------------------------------------------------------
mpirun detected that one or more processes exited with non-zero status, thus causing
the job to be terminated. The first process to do so was:

  Process name: [[61365,1],0]
  Exit code:    255
--------------------------------------------------------------------------
