[node001:21684] *** Process received signal ***
[node001:21684] Signal: Segmentation fault (11)
[node001:21684] Signal code: Address not mapped (1)
[node001:21684] Failing at address: 0x7fdff4089010
[node001:21684] [ 0] /lib64/libpthread.so.0(+0xf7e0)[0x7fe8fe21f7e0]
[node001:21684] [ 1] /lib64/libc.so.6(memcpy+0x15b)[0x7fe8fdf0587b]
[node001:21684] [ 2] /apps/parallel/openmpi/3.1.0/gnu/lib/libopen-pal.so.40(opal_generic_simple_pack+0x4ad)[0x7fe8fd908c1d]
[node001:21684] [ 3] /apps/parallel/openmpi/3.1.0/gnu/lib/openmpi/mca_btl_openib.so(mca_btl_openib_prepare_src+0x82)[0x7fe8f0657362]
[node001:21684] [ 4] /apps/parallel/openmpi/3.1.0/gnu/lib/openmpi/mca_pml_ob1.so(mca_pml_ob1_send_request_start_rndv+0x1ca)[0x7fe8eb9ef97a]
[node001:21684] [ 5] /apps/parallel/openmpi/3.1.0/gnu/lib/openmpi/mca_pml_ob1.so(mca_pml_ob1_send+0xdf1)[0x7fe8eb9dc601]
[node001:21684] [ 6] /apps/parallel/openmpi/3.1.0/gnu/lib/openmpi/mca_coll_basic.so(mca_coll_basic_scatterv_intra+0xff)[0x7fe8eab8502f]
[node001:21684] [ 7] /apps/parallel/openmpi/3.1.0/gnu/lib/libmpi.so.40(PMPI_Scatterv+0x118)[0x7fe8fe4b2a58]
[node001:21684] [ 8] ./MemBoundJacobi[0x401409]
[node001:21684] [ 9] /lib64/libc.so.6(__libc_start_main+0x100)[0x7fe8fde9ad20]
[node001:21684] [10] ./MemBoundJacobi[0x401e61]
[node001:21684] *** End of error message ***
--------------------------------------------------------------------------
mpirun noticed that process rank 0 with PID 0 on node node001 exited on signal 11 (Segmentation fault).
--------------------------------------------------------------------------
[node001:21872] *** Process received signal ***
[node001:21872] Signal: Segmentation fault (11)
[node001:21872] Signal code: Address not mapped (1)
[node001:21872] Failing at address: 0x7f3948893010
[node001:21872] [ 0] /lib64/libpthread.so.0(+0xf7e0)[0x7f42528ac7e0]
[node001:21872] [ 1] /lib64/libc.so.6(memcpy+0x15b)[0x7f425259287b]
[node001:21872] [ 2] /apps/parallel/openmpi/3.1.0/gnu/lib/libopen-pal.so.40(opal_generic_simple_pack+0x4ad)[0x7f4251f95c1d]
[node001:21872] [ 3] /apps/parallel/openmpi/3.1.0/gnu/lib/openmpi/mca_btl_openib.so(mca_btl_openib_prepare_src+0x82)[0x7f4244c5f362]
[node001:21872] [ 4] /apps/parallel/openmpi/3.1.0/gnu/lib/openmpi/mca_pml_ob1.so(mca_pml_ob1_send_request_start_rndv+0x1ca)[0x7f423fdf897a]
[node001:21872] [ 5] /apps/parallel/openmpi/3.1.0/gnu/lib/openmpi/mca_pml_ob1.so(mca_pml_ob1_send+0xdf1)[0x7f423fde5601]
[node001:21872] [ 6] /apps/parallel/openmpi/3.1.0/gnu/lib/openmpi/mca_coll_basic.so(mca_coll_basic_scatterv_intra+0xff)[0x7f423ef8e02f]
[node001:21872] [ 7] /apps/parallel/openmpi/3.1.0/gnu/lib/libmpi.so.40(PMPI_Scatterv+0x118)[0x7f4252b3fa58]
[node001:21872] [ 8] ./MemBoundJacobi[0x401409]
[node001:21872] [ 9] /lib64/libc.so.6(__libc_start_main+0x100)[0x7f4252527d20]
[node001:21872] [10] ./MemBoundJacobi[0x401e61]
[node001:21872] *** End of error message ***
--------------------------------------------------------------------------
mpirun noticed that process rank 0 with PID 0 on node node001 exited on signal 11 (Segmentation fault).
--------------------------------------------------------------------------
[node001:22068] *** Process received signal ***
[node001:22068] Signal: Segmentation fault (11)
[node001:22068] Signal code: Address not mapped (1)
[node001:22068] Failing at address: 0x7fdbe48bd010
[node001:22068] [ 0] /lib64/libpthread.so.0(+0xf7e0)[0x7fe4ee9787e0]
[node001:22068] [ 1] /lib64/libc.so.6(memcpy+0x15b)[0x7fe4ee65e87b]
[node001:22068] [ 2] /apps/parallel/openmpi/3.1.0/gnu/lib/libopen-pal.so.40(opal_generic_simple_pack+0x4ad)[0x7fe4ee061c1d]
[node001:22068] [ 3] /apps/parallel/openmpi/3.1.0/gnu/lib/openmpi/mca_btl_openib.so(mca_btl_openib_prepare_src+0x82)[0x7fe4e0e62362]
[node001:22068] [ 4] /apps/parallel/openmpi/3.1.0/gnu/lib/openmpi/mca_pml_ob1.so(mca_pml_ob1_send_request_start_rndv+0x1ca)[0x7fe4e002c97a]
[node001:22068] [ 5] /apps/parallel/openmpi/3.1.0/gnu/lib/openmpi/mca_pml_ob1.so(mca_pml_ob1_send+0xdf1)[0x7fe4e0019601]
[node001:22068] [ 6] /apps/parallel/openmpi/3.1.0/gnu/lib/openmpi/mca_coll_basic.so(mca_coll_basic_scatterv_intra+0xff)[0x7fe4db1b602f]
[node001:22068] [ 7] /apps/parallel/openmpi/3.1.0/gnu/lib/libmpi.so.40(PMPI_Scatterv+0x118)[0x7fe4eec0ba58]
[node001:22068] [ 8] ./MemBoundJacobi[0x401409]
[node001:22068] [ 9] /lib64/libc.so.6(__libc_start_main+0x100)[0x7fe4ee5f3d20]
[node001:22068] [10] ./MemBoundJacobi[0x401e61]
[node001:22068] *** End of error message ***
--------------------------------------------------------------------------
mpirun noticed that process rank 0 with PID 0 on node node001 exited on signal 11 (Segmentation fault).
--------------------------------------------------------------------------
[node001:22256] *** Process received signal ***
[node001:22256] Signal: Segmentation fault (11)
[node001:22256] Signal code: Address not mapped (1)
[node001:22256] Failing at address: 0x7fde75f94010
[node001:22256] [ 0] /lib64/libpthread.so.0(+0xf7e0)[0x7fe7802217e0]
[node001:22256] [ 1] /lib64/libc.so.6(memcpy+0x15b)[0x7fe77ff0787b]
[node001:22256] [ 2] /apps/parallel/openmpi/3.1.0/gnu/lib/libopen-pal.so.40(opal_generic_simple_pack+0x4ad)[0x7fe77f90ac1d]
[node001:22256] [ 3] /apps/parallel/openmpi/3.1.0/gnu/lib/openmpi/mca_btl_openib.so(mca_btl_openib_prepare_src+0x82)[0x7fe76e52d362]
[node001:22256] [ 4] /apps/parallel/openmpi/3.1.0/gnu/lib/openmpi/mca_pml_ob1.so(mca_pml_ob1_send_request_start_rndv+0x1ca)[0x7fe76d6f797a]
[node001:22256] [ 5] /apps/parallel/openmpi/3.1.0/gnu/lib/openmpi/mca_pml_ob1.so(mca_pml_ob1_send+0xdf1)[0x7fe76d6e4601]
[node001:22256] [ 6] /apps/parallel/openmpi/3.1.0/gnu/lib/openmpi/mca_coll_basic.so(mca_coll_basic_scatterv_intra+0xff)[0x7fe76c88d02f]
[node001:22256] [ 7] /apps/parallel/openmpi/3.1.0/gnu/lib/libmpi.so.40(PMPI_Scatterv+0x118)[0x7fe7804b4a58]
[node001:22256] [ 8] ./MemBoundJacobi[0x401409]
[node001:22256] [ 9] /lib64/libc.so.6(__libc_start_main+0x100)[0x7fe77fe9cd20]
[node001:22256] [10] ./MemBoundJacobi[0x401e61]
[node001:22256] *** End of error message ***
--------------------------------------------------------------------------
mpirun noticed that process rank 0 with PID 0 on node node001 exited on signal 11 (Segmentation fault).
--------------------------------------------------------------------------
[node001:22458] *** Process received signal ***
[node001:22458] Signal: Segmentation fault (11)
[node001:22458] Signal code: Address not mapped (1)
[node001:22458] Failing at address: 0x7f4d6028c010
[node001:22458] [ 0] /lib64/libpthread.so.0(+0xf7e0)[0x7f566a41a7e0]
[node001:22458] [ 1] /lib64/libc.so.6(memcpy+0x15b)[0x7f566a10087b]
[node001:22458] [ 2] /apps/parallel/openmpi/3.1.0/gnu/lib/libopen-pal.so.40(opal_generic_simple_pack+0x4ad)[0x7f5669b03c1d]
[node001:22458] [ 3] /apps/parallel/openmpi/3.1.0/gnu/lib/openmpi/mca_btl_openib.so(mca_btl_openib_prepare_src+0x82)[0x7f565c85b362]
[node001:22458] [ 4] /apps/parallel/openmpi/3.1.0/gnu/lib/openmpi/mca_pml_ob1.so(mca_pml_ob1_send_request_start_rndv+0x1ca)[0x7f5657bf297a]
[node001:22458] [ 5] /apps/parallel/openmpi/3.1.0/gnu/lib/openmpi/mca_pml_ob1.so(mca_pml_ob1_send+0xdf1)[0x7f5657bdf601]
[node001:22458] [ 6] /apps/parallel/openmpi/3.1.0/gnu/lib/openmpi/mca_coll_basic.so(mca_coll_basic_scatterv_intra+0xff)[0x7f5656d8802f]
[node001:22458] [ 7] /apps/parallel/openmpi/3.1.0/gnu/lib/libmpi.so.40(PMPI_Scatterv+0x118)[0x7f566a6ada58]
[node001:22458] [ 8] ./MemBoundJacobi[0x401409]
[node001:22458] [ 9] /lib64/libc.so.6(__libc_start_main+0x100)[0x7f566a095d20]
[node001:22458] [10] ./MemBoundJacobi[0x401e61]
[node001:22458] *** End of error message ***
--------------------------------------------------------------------------
mpirun noticed that process rank 0 with PID 0 on node node001 exited on signal 11 (Segmentation fault).
--------------------------------------------------------------------------
[node001:22644] *** Process received signal ***
[node001:22644] Signal: Segmentation fault (11)
[node001:22644] Signal code: Address not mapped (1)
[node001:22644] Failing at address: 0x7f6bd0690010
[node001:22644] [ 0] /lib64/libpthread.so.0(+0xf7e0)[0x7f74da7057e0]
[node001:22644] [ 1] /lib64/libc.so.6(memcpy+0x15b)[0x7f74da3eb87b]
[node001:22644] [ 2] /apps/parallel/openmpi/3.1.0/gnu/lib/libopen-pal.so.40(opal_generic_simple_pack+0x4ad)[0x7f74d9deec1d]
[node001:22644] [ 3] /apps/parallel/openmpi/3.1.0/gnu/lib/openmpi/mca_btl_openib.so(mca_btl_openib_prepare_src+0x82)[0x7f74ccc5f362]
[node001:22644] [ 4] /apps/parallel/openmpi/3.1.0/gnu/lib/openmpi/mca_pml_ob1.so(mca_pml_ob1_send_request_start_rndv+0x1ca)[0x7f74c7df897a]
[node001:22644] [ 5] /apps/parallel/openmpi/3.1.0/gnu/lib/openmpi/mca_pml_ob1.so(mca_pml_ob1_send+0xdf1)[0x7f74c7de5601]
[node001:22644] [ 6] /apps/parallel/openmpi/3.1.0/gnu/lib/openmpi/mca_coll_basic.so(mca_coll_basic_scatterv_intra+0xff)[0x7f74c6f8e02f]
[node001:22644] [ 7] /apps/parallel/openmpi/3.1.0/gnu/lib/libmpi.so.40(PMPI_Scatterv+0x118)[0x7f74da998a58]
[node001:22644] [ 8] ./MemBoundJacobi[0x401409]
[node001:22644] [ 9] /lib64/libc.so.6(__libc_start_main+0x100)[0x7f74da380d20]
[node001:22644] [10] ./MemBoundJacobi[0x401e61]
[node001:22644] *** End of error message ***
--------------------------------------------------------------------------
mpirun noticed that process rank 0 with PID 0 on node node001 exited on signal 11 (Segmentation fault).
--------------------------------------------------------------------------
[node001:22832] *** Process received signal ***
[node001:22832] Signal: Segmentation fault (11)
[node001:22832] Signal code: Address not mapped (1)
[node001:22832] Failing at address: 0x7ef535922010
[node001:22832] [ 0] /lib64/libpthread.so.0(+0xf7e0)[0x7efe3fb8f7e0]
[node001:22832] [ 1] /lib64/libc.so.6(memcpy+0x15b)[0x7efe3f87587b]
[node001:22832] [ 2] /apps/parallel/openmpi/3.1.0/gnu/lib/libopen-pal.so.40(opal_generic_simple_pack+0x4ad)[0x7efe3f278c1d]
[node001:22832] [ 3] /apps/parallel/openmpi/3.1.0/gnu/lib/openmpi/mca_btl_openib.so(mca_btl_openib_prepare_src+0x82)[0x7efe2debb362]
[node001:22832] [ 4] /apps/parallel/openmpi/3.1.0/gnu/lib/openmpi/mca_pml_ob1.so(mca_pml_ob1_send_request_start_rndv+0x1ca)[0x7efe2d08597a]
[node001:22832] [ 5] /apps/parallel/openmpi/3.1.0/gnu/lib/openmpi/mca_pml_ob1.so(mca_pml_ob1_send+0xdf1)[0x7efe2d072601]
[node001:22832] [ 6] /apps/parallel/openmpi/3.1.0/gnu/lib/openmpi/mca_coll_basic.so(mca_coll_basic_scatterv_intra+0xff)[0x7efe2c21b02f]
[node001:22832] [ 7] /apps/parallel/openmpi/3.1.0/gnu/lib/libmpi.so.40(PMPI_Scatterv+0x118)[0x7efe3fe22a58]
[node001:22832] [ 8] ./MemBoundJacobi[0x401409]
[node001:22832] [ 9] /lib64/libc.so.6(__libc_start_main+0x100)[0x7efe3f80ad20]
[node001:22832] [10] ./MemBoundJacobi[0x401e61]
[node001:22832] *** End of error message ***
--------------------------------------------------------------------------
mpirun noticed that process rank 0 with PID 0 on node node001 exited on signal 11 (Segmentation fault).
--------------------------------------------------------------------------
[node001:23032] *** Process received signal ***
[node001:23032] Signal: Segmentation fault (11)
[node001:23032] Signal code: Address not mapped (1)
[node001:23032] Failing at address: 0x7fd583e86010
[node001:23032] [ 0] /lib64/libpthread.so.0(+0xf7e0)[0x7fde8df417e0]
[node001:23032] [ 1] /lib64/libc.so.6(memcpy+0x15b)[0x7fde8dc2787b]
[node001:23032] [ 2] /apps/parallel/openmpi/3.1.0/gnu/lib/libopen-pal.so.40(opal_generic_simple_pack+0x4ad)[0x7fde8d62ac1d]
[node001:23032] [ 3] /apps/parallel/openmpi/3.1.0/gnu/lib/openmpi/mca_btl_openib.so(mca_btl_openib_prepare_src+0x82)[0x7fde80451362]
[node001:23032] [ 4] /apps/parallel/openmpi/3.1.0/gnu/lib/openmpi/mca_pml_ob1.so(mca_pml_ob1_send_request_start_rndv+0x1ca)[0x7fde7b5ee97a]
[node001:23032] [ 5] /apps/parallel/openmpi/3.1.0/gnu/lib/openmpi/mca_pml_ob1.so(mca_pml_ob1_send+0xdf1)[0x7fde7b5db601]
[node001:23032] [ 6] /apps/parallel/openmpi/3.1.0/gnu/lib/openmpi/mca_coll_basic.so(mca_coll_basic_scatterv_intra+0xff)[0x7fde7a78402f]
[node001:23032] [ 7] /apps/parallel/openmpi/3.1.0/gnu/lib/libmpi.so.40(PMPI_Scatterv+0x118)[0x7fde8e1d4a58]
[node001:23032] [ 8] ./MemBoundJacobi[0x401409]
[node001:23032] [ 9] /lib64/libc.so.6(__libc_start_main+0x100)[0x7fde8dbbcd20]
[node001:23032] [10] ./MemBoundJacobi[0x401e61]
[node001:23032] *** End of error message ***
--------------------------------------------------------------------------
mpirun noticed that process rank 0 with PID 0 on node node001 exited on signal 11 (Segmentation fault).
--------------------------------------------------------------------------
[node001:23265] *** Process received signal ***
[node001:23265] Signal: Segmentation fault (11)
[node001:23265] Signal code: Address not mapped (1)
[node001:23265] Failing at address: 0x7fa542c1c010
[node001:23265] [ 0] /lib64/libpthread.so.0(+0xf7e0)[0x7fae4cd927e0]
[node001:23265] [ 1] /lib64/libc.so.6(memcpy+0x15b)[0x7fae4ca7887b]
[node001:23265] [ 2] /apps/parallel/openmpi/3.1.0/gnu/lib/libopen-pal.so.40(opal_generic_simple_pack+0x4ad)[0x7fae4c47bc1d]
[node001:23265] [ 3] /apps/parallel/openmpi/3.1.0/gnu/lib/openmpi/mca_btl_openib.so(mca_btl_openib_prepare_src+0x82)[0x7fae3b1b5362]
[node001:23265] [ 4] /apps/parallel/openmpi/3.1.0/gnu/lib/openmpi/mca_pml_ob1.so(mca_pml_ob1_send_request_start_rndv+0x1ca)[0x7fae3a37f97a]
[node001:23265] [ 5] /apps/parallel/openmpi/3.1.0/gnu/lib/openmpi/mca_pml_ob1.so(mca_pml_ob1_send+0xdf1)[0x7fae3a36c601]
[node001:23265] [ 6] /apps/parallel/openmpi/3.1.0/gnu/lib/openmpi/mca_coll_basic.so(mca_coll_basic_scatterv_intra+0xff)[0x7fae3951502f]
[node001:23265] [ 7] /apps/parallel/openmpi/3.1.0/gnu/lib/libmpi.so.40(PMPI_Scatterv+0x118)[0x7fae4d025a58]
[node001:23265] [ 8] ./MemBoundJacobi[0x401409]
[node001:23265] [ 9] /lib64/libc.so.6(__libc_start_main+0x100)[0x7fae4ca0dd20]
[node001:23265] [10] ./MemBoundJacobi[0x401e61]
[node001:23265] *** End of error message ***
--------------------------------------------------------------------------
mpirun noticed that process rank 0 with PID 0 on node node001 exited on signal 11 (Segmentation fault).
--------------------------------------------------------------------------
[node001:23453] *** Process received signal ***
[node001:23453] Signal: Segmentation fault (11)
[node001:23453] Signal code: Address not mapped (1)
[node001:23453] Failing at address: 0x7f42a1922010
[node001:23453] [ 0] /lib64/libpthread.so.0(+0xf7e0)[0x7f4babbfb7e0]
[node001:23453] [ 1] /lib64/libc.so.6(memcpy+0x15b)[0x7f4bab8e187b]
[node001:23453] [ 2] /apps/parallel/openmpi/3.1.0/gnu/lib/libopen-pal.so.40(opal_generic_simple_pack+0x4ad)[0x7f4bab2e4c1d]
[node001:23453] [ 3] /apps/parallel/openmpi/3.1.0/gnu/lib/openmpi/mca_btl_openib.so(mca_btl_openib_prepare_src+0x82)[0x7f4b99ebb362]
[node001:23453] [ 4] /apps/parallel/openmpi/3.1.0/gnu/lib/openmpi/mca_pml_ob1.so(mca_pml_ob1_send_request_start_rndv+0x1ca)[0x7f4b9908597a]
[node001:23453] [ 5] /apps/parallel/openmpi/3.1.0/gnu/lib/openmpi/mca_pml_ob1.so(mca_pml_ob1_send+0xdf1)[0x7f4b99072601]
[node001:23453] [ 6] /apps/parallel/openmpi/3.1.0/gnu/lib/openmpi/mca_coll_basic.so(mca_coll_basic_scatterv_intra+0xff)[0x7f4b9821b02f]
[node001:23453] [ 7] /apps/parallel/openmpi/3.1.0/gnu/lib/libmpi.so.40(PMPI_Scatterv+0x118)[0x7f4babe8ea58]
[node001:23453] [ 8] ./MemBoundJacobi[0x401409]
[node001:23453] [ 9] /lib64/libc.so.6(__libc_start_main+0x100)[0x7f4bab876d20]
[node001:23453] [10] ./MemBoundJacobi[0x401e61]
[node001:23453] *** End of error message ***
--------------------------------------------------------------------------
mpirun noticed that process rank 0 with PID 0 on node node001 exited on signal 11 (Segmentation fault).
--------------------------------------------------------------------------
[node001:23664] *** Process received signal ***
[node001:23664] Signal: Segmentation fault (11)
[node001:23664] Signal code: Address not mapped (1)
[node001:23664] Failing at address: 0x7fc0f92f5010
[node001:23664] [ 0] /lib64/libpthread.so.0(+0xf7e0)[0x7fca036357e0]
[node001:23664] [ 1] /lib64/libc.so.6(memcpy+0x15b)[0x7fca0331b87b]
[node001:23664] [ 2] /apps/parallel/openmpi/3.1.0/gnu/lib/libopen-pal.so.40(opal_generic_simple_pack+0x4ad)[0x7fca02d1ec1d]
[node001:23664] [ 3] /apps/parallel/openmpi/3.1.0/gnu/lib/openmpi/mca_btl_openib.so(mca_btl_openib_prepare_src+0x82)[0x7fc9f188e362]
[node001:23664] [ 4] /apps/parallel/openmpi/3.1.0/gnu/lib/openmpi/mca_pml_ob1.so(mca_pml_ob1_send_request_start_rndv+0x1ca)[0x7fc9f0a5897a]
[node001:23664] [ 5] /apps/parallel/openmpi/3.1.0/gnu/lib/openmpi/mca_pml_ob1.so(mca_pml_ob1_send+0xdf1)[0x7fc9f0a45601]
[node001:23664] [ 6] /apps/parallel/openmpi/3.1.0/gnu/lib/openmpi/mca_coll_basic.so(mca_coll_basic_scatterv_intra+0xff)[0x7fc9efbee02f]
[node001:23664] [ 7] /apps/parallel/openmpi/3.1.0/gnu/lib/libmpi.so.40(PMPI_Scatterv+0x118)[0x7fca038c8a58]
[node001:23664] [ 8] ./MemBoundJacobi[0x401409]
[node001:23664] [ 9] /lib64/libc.so.6(__libc_start_main+0x100)[0x7fca032b0d20]
[node001:23664] [10] ./MemBoundJacobi[0x401e61]
[node001:23664] *** End of error message ***
--------------------------------------------------------------------------
mpirun noticed that process rank 0 with PID 0 on node node001 exited on signal 11 (Segmentation fault).
--------------------------------------------------------------------------
[node001:23852] *** Process received signal ***
[node001:23852] Signal: Segmentation fault (11)
[node001:23852] Signal code: Address not mapped (1)
[node001:23852] Failing at address: 0x7f00be617010
[node001:23852] [ 0] /lib64/libpthread.so.0(+0xf7e0)[0x7f09c876b7e0]
[node001:23852] [ 1] /lib64/libc.so.6(memcpy+0x15b)[0x7f09c845187b]
[node001:23852] [ 2] /apps/parallel/openmpi/3.1.0/gnu/lib/libopen-pal.so.40(opal_generic_simple_pack+0x4ad)[0x7f09c7e54c1d]
[node001:23852] [ 3] /apps/parallel/openmpi/3.1.0/gnu/lib/openmpi/mca_btl_openib.so(mca_btl_openib_prepare_src+0x82)[0x7f09b6bb0362]
[node001:23852] [ 4] /apps/parallel/openmpi/3.1.0/gnu/lib/openmpi/mca_pml_ob1.so(mca_pml_ob1_send_request_start_rndv+0x1ca)[0x7f09b5d7a97a]
[node001:23852] [ 5] /apps/parallel/openmpi/3.1.0/gnu/lib/openmpi/mca_pml_ob1.so(mca_pml_ob1_send+0xdf1)[0x7f09b5d67601]
[node001:23852] [ 6] /apps/parallel/openmpi/3.1.0/gnu/lib/openmpi/mca_coll_basic.so(mca_coll_basic_scatterv_intra+0xff)[0x7f09b4f1002f]
[node001:23852] [ 7] /apps/parallel/openmpi/3.1.0/gnu/lib/libmpi.so.40(PMPI_Scatterv+0x118)[0x7f09c89fea58]
[node001:23852] [ 8] ./MemBoundJacobi[0x401409]
[node001:23852] [ 9] /lib64/libc.so.6(__libc_start_main+0x100)[0x7f09c83e6d20]
[node001:23852] [10] ./MemBoundJacobi[0x401e61]
[node001:23852] *** End of error message ***
--------------------------------------------------------------------------
mpirun noticed that process rank 0 with PID 0 on node node001 exited on signal 11 (Segmentation fault).
--------------------------------------------------------------------------
[node001:24054] *** Process received signal ***
[node001:24054] Signal: Segmentation fault (11)
[node001:24054] Signal code: Address not mapped (1)
[node001:24054] Failing at address: 0x7f20588bd010
[node001:24054] [ 0] /lib64/libpthread.so.0(+0xf7e0)[0x7f2962a5c7e0]
[node001:24054] [ 1] /lib64/libc.so.6(memcpy+0x15b)[0x7f296274287b]
[node001:24054] [ 2] /apps/parallel/openmpi/3.1.0/gnu/lib/libopen-pal.so.40(opal_generic_simple_pack+0x4ad)[0x7f2962145c1d]
[node001:24054] [ 3] /apps/parallel/openmpi/3.1.0/gnu/lib/openmpi/mca_btl_openib.so(mca_btl_openib_prepare_src+0x82)[0x7f2954e62362]
[node001:24054] [ 4] /apps/parallel/openmpi/3.1.0/gnu/lib/openmpi/mca_pml_ob1.so(mca_pml_ob1_send_request_start_rndv+0x1ca)[0x7f295402c97a]
[node001:24054] [ 5] /apps/parallel/openmpi/3.1.0/gnu/lib/openmpi/mca_pml_ob1.so(mca_pml_ob1_send+0xdf1)[0x7f2954019601]
[node001:24054] [ 6] /apps/parallel/openmpi/3.1.0/gnu/lib/openmpi/mca_coll_basic.so(mca_coll_basic_scatterv_intra+0xff)[0x7f294f1b602f]
[node001:24054] [ 7] /apps/parallel/openmpi/3.1.0/gnu/lib/libmpi.so.40(PMPI_Scatterv+0x118)[0x7f2962cefa58]
[node001:24054] [ 8] ./MemBoundJacobi[0x401409]
[node001:24054] [ 9] /lib64/libc.so.6(__libc_start_main+0x100)[0x7f29626d7d20]
[node001:24054] [10] ./MemBoundJacobi[0x401e61]
[node001:24054] *** End of error message ***
--------------------------------------------------------------------------
mpirun noticed that process rank 0 with PID 0 on node node001 exited on signal 11 (Segmentation fault).
--------------------------------------------------------------------------
[node001:24245] *** Process received signal ***
[node001:24245] Signal: Segmentation fault (11)
[node001:24245] Signal code: Address not mapped (1)
[node001:24245] Failing at address: 0x7efad448f010
[node001:24245] [ 0] /lib64/libpthread.so.0(+0xf7e0)[0x7f03de4d17e0]
[node001:24245] [ 1] /lib64/libc.so.6(memcpy+0x15b)[0x7f03de1b787b]
[node001:24245] [ 2] /apps/parallel/openmpi/3.1.0/gnu/lib/libopen-pal.so.40(opal_generic_simple_pack+0x4ad)[0x7f03ddbbac1d]
[node001:24245] [ 3] /apps/parallel/openmpi/3.1.0/gnu/lib/openmpi/mca_btl_openib.so(mca_btl_openib_prepare_src+0x82)[0x7f03d085b362]
[node001:24245] [ 4] /apps/parallel/openmpi/3.1.0/gnu/lib/openmpi/mca_pml_ob1.so(mca_pml_ob1_send_request_start_rndv+0x1ca)[0x7f03cbbf297a]
[node001:24245] [ 5] /apps/parallel/openmpi/3.1.0/gnu/lib/openmpi/mca_pml_ob1.so(mca_pml_ob1_send+0xdf1)[0x7f03cbbdf601]
[node001:24245] [ 6] /apps/parallel/openmpi/3.1.0/gnu/lib/openmpi/mca_coll_basic.so(mca_coll_basic_scatterv_intra+0xff)[0x7f03cad8802f]
[node001:24245] [ 7] /apps/parallel/openmpi/3.1.0/gnu/lib/libmpi.so.40(PMPI_Scatterv+0x118)[0x7f03de764a58]
[node001:24245] [ 8] ./MemBoundJacobi[0x401409]
[node001:24245] [ 9] /lib64/libc.so.6(__libc_start_main+0x100)[0x7f03de14cd20]
[node001:24245] [10] ./MemBoundJacobi[0x401e61]
[node001:24245] *** End of error message ***
--------------------------------------------------------------------------
mpirun noticed that process rank 0 with PID 0 on node node001 exited on signal 11 (Segmentation fault).
--------------------------------------------------------------------------
[node001:24428] *** Process received signal ***
[node001:24428] Signal: Segmentation fault (11)
[node001:24428] Signal code: Address not mapped (1)
[node001:24428] Failing at address: 0x7f7807635010
[node001:24428] [ 0] /lib64/libpthread.so.0(+0xf7e0)[0x7f811177f7e0]
[node001:24428] [ 1] /lib64/libc.so.6(memcpy+0x15b)[0x7f811146587b]
[node001:24428] [ 2] /apps/parallel/openmpi/3.1.0/gnu/lib/libopen-pal.so.40(opal_generic_simple_pack+0x4ad)[0x7f8110e68c1d]
[node001:24428] [ 3] /apps/parallel/openmpi/3.1.0/gnu/lib/openmpi/mca_btl_openib.so(mca_btl_openib_prepare_src+0x82)[0x7f80ffbce362]
[node001:24428] [ 4] /apps/parallel/openmpi/3.1.0/gnu/lib/openmpi/mca_pml_ob1.so(mca_pml_ob1_send_request_start_rndv+0x1ca)[0x7f80fed9897a]
[node001:24428] [ 5] /apps/parallel/openmpi/3.1.0/gnu/lib/openmpi/mca_pml_ob1.so(mca_pml_ob1_send+0xdf1)[0x7f80fed85601]
[node001:24428] [ 6] /apps/parallel/openmpi/3.1.0/gnu/lib/openmpi/mca_coll_basic.so(mca_coll_basic_scatterv_intra+0xff)[0x7f80fdf2e02f]
[node001:24428] [ 7] /apps/parallel/openmpi/3.1.0/gnu/lib/libmpi.so.40(PMPI_Scatterv+0x118)[0x7f8111a12a58]
[node001:24428] [ 8] ./MemBoundJacobi[0x401409]
[node001:24428] [ 9] /lib64/libc.so.6(__libc_start_main+0x100)[0x7f81113fad20]
[node001:24428] [10] ./MemBoundJacobi[0x401e61]
[node001:24428] *** End of error message ***
--------------------------------------------------------------------------
mpirun noticed that process rank 0 with PID 0 on node node001 exited on signal 11 (Segmentation fault).
--------------------------------------------------------------------------
[node001:30633] *** Process received signal ***
[node001:30633] Signal: Segmentation fault (11)
[node001:30633] Signal code: Address not mapped (1)
[node001:30633] Failing at address: 0x7f9f94ac0010
[node001:30633] [ 0] /lib64/libpthread.so.0(+0xf7e0)[0x7fa89ecf57e0]
[node001:30633] [ 1] /lib64/libc.so.6(memcpy+0x15b)[0x7fa89e9db87b]
[node001:30633] [ 2] /apps/parallel/openmpi/3.1.0/gnu/lib/libopen-pal.so.40(opal_generic_simple_pack+0x4ad)[0x7fa89e3dec1d]
[node001:30633] [ 3] /apps/parallel/openmpi/3.1.0/gnu/lib/openmpi/mca_btl_openib.so(mca_btl_openib_prepare_src+0x82)[0x7fa891064362]
[node001:30633] [ 4] /apps/parallel/openmpi/3.1.0/gnu/lib/openmpi/mca_pml_ob1.so(mca_pml_ob1_send_request_start_rndv+0x1ca)[0x7fa89022e97a]
[node001:30633] [ 5] /apps/parallel/openmpi/3.1.0/gnu/lib/openmpi/mca_pml_ob1.so(mca_pml_ob1_send+0xdf1)[0x7fa89021b601]
[node001:30633] [ 6] /apps/parallel/openmpi/3.1.0/gnu/lib/openmpi/mca_coll_basic.so(mca_coll_basic_scatterv_intra+0xff)[0x7fa88b3b902f]
[node001:30633] [ 7] /apps/parallel/openmpi/3.1.0/gnu/lib/libmpi.so.40(PMPI_Scatterv+0x118)[0x7fa89ef88a58]
[node001:30633] [ 8] ./CompBoundJacobi[0x401409]
[node001:30633] [ 9] /lib64/libc.so.6(__libc_start_main+0x100)[0x7fa89e970d20]
[node001:30633] [10] ./CompBoundJacobi[0x401e61]
[node001:30633] *** End of error message ***
--------------------------------------------------------------------------
mpirun noticed that process rank 0 with PID 0 on node node001 exited on signal 11 (Segmentation fault).
--------------------------------------------------------------------------
[node001:30822] *** Process received signal ***
[node001:30822] Signal: Segmentation fault (11)
[node001:30822] Signal code: Address not mapped (1)
[node001:30822] Failing at address: 0x7f18da81a010
[node001:30822] [ 0] /lib64/libpthread.so.0(+0xf7e0)[0x7f21e498e7e0]
[node001:30822] [ 1] /lib64/libc.so.6(memcpy+0x15b)[0x7f21e467487b]
[node001:30822] [ 2] /apps/parallel/openmpi/3.1.0/gnu/lib/libopen-pal.so.40(opal_generic_simple_pack+0x4ad)[0x7f21e4077c1d]
[node001:30822] [ 3] /apps/parallel/openmpi/3.1.0/gnu/lib/openmpi/mca_btl_openib.so(mca_btl_openib_prepare_src+0x82)[0x7f21d2db3362]
[node001:30822] [ 4] /apps/parallel/openmpi/3.1.0/gnu/lib/openmpi/mca_pml_ob1.so(mca_pml_ob1_send_request_start_rndv+0x1ca)[0x7f21d1f7d97a]
[node001:30822] [ 5] /apps/parallel/openmpi/3.1.0/gnu/lib/openmpi/mca_pml_ob1.so(mca_pml_ob1_send+0xdf1)[0x7f21d1f6a601]
[node001:30822] [ 6] /apps/parallel/openmpi/3.1.0/gnu/lib/openmpi/mca_coll_basic.so(mca_coll_basic_scatterv_intra+0xff)[0x7f21d111302f]
[node001:30822] [ 7] /apps/parallel/openmpi/3.1.0/gnu/lib/libmpi.so.40(PMPI_Scatterv+0x118)[0x7f21e4c21a58]
[node001:30822] [ 8] ./CompBoundJacobi[0x401409]
[node001:30822] [ 9] /lib64/libc.so.6(__libc_start_main+0x100)[0x7f21e4609d20]
[node001:30822] [10] ./CompBoundJacobi[0x401e61]
[node001:30822] *** End of error message ***
--------------------------------------------------------------------------
mpirun noticed that process rank 0 with PID 0 on node node001 exited on signal 11 (Segmentation fault).
--------------------------------------------------------------------------
[node001:31022] *** Process received signal ***
[node001:31022] Signal: Segmentation fault (11)
[node001:31022] Signal code: Address not mapped (1)
[node001:31022] Failing at address: 0x7f5094ac0010
[node001:31022] [ 0] /lib64/libpthread.so.0(+0xf7e0)[0x7f599ecf57e0]
[node001:31022] [ 1] /lib64/libc.so.6(memcpy+0x15b)[0x7f599e9db87b]
[node001:31022] [ 2] /apps/parallel/openmpi/3.1.0/gnu/lib/libopen-pal.so.40(opal_generic_simple_pack+0x4ad)[0x7f599e3dec1d]
[node001:31022] [ 3] /apps/parallel/openmpi/3.1.0/gnu/lib/openmpi/mca_btl_openib.so(mca_btl_openib_prepare_src+0x82)[0x7f5991064362]
[node001:31022] [ 4] /apps/parallel/openmpi/3.1.0/gnu/lib/openmpi/mca_pml_ob1.so(mca_pml_ob1_send_request_start_rndv+0x1ca)[0x7f599022e97a]
[node001:31022] [ 5] /apps/parallel/openmpi/3.1.0/gnu/lib/openmpi/mca_pml_ob1.so(mca_pml_ob1_send+0xdf1)[0x7f599021b601]
[node001:31022] [ 6] /apps/parallel/openmpi/3.1.0/gnu/lib/openmpi/mca_coll_basic.so(mca_coll_basic_scatterv_intra+0xff)[0x7f598b3b902f]
[node001:31022] [ 7] /apps/parallel/openmpi/3.1.0/gnu/lib/libmpi.so.40(PMPI_Scatterv+0x118)[0x7f599ef88a58]
[node001:31022] [ 8] ./CompBoundJacobi[0x401409]
[node001:31022] [ 9] /lib64/libc.so.6(__libc_start_main+0x100)[0x7f599e970d20]
[node001:31022] [10] ./CompBoundJacobi[0x401e61]
[node001:31022] *** End of error message ***
--------------------------------------------------------------------------
mpirun noticed that process rank 0 with PID 0 on node node001 exited on signal 11 (Segmentation fault).
--------------------------------------------------------------------------
[node001:31255] *** Process received signal ***
[node001:31255] Signal: Segmentation fault (11)
[node001:31255] Signal code: Address not mapped (1)
[node001:31255] Failing at address: 0x7f6edb227010
[node001:31255] [ 0] /lib64/libpthread.so.0(+0xf7e0)[0x7f77e53487e0]
[node001:31255] [ 1] /lib64/libc.so.6(memcpy+0x15b)[0x7f77e502e87b]
[node001:31255] [ 2] /apps/parallel/openmpi/3.1.0/gnu/lib/libopen-pal.so.40(opal_generic_simple_pack+0x4ad)[0x7f77e4a31c1d]
[node001:31255] [ 3] /apps/parallel/openmpi/3.1.0/gnu/lib/openmpi/mca_btl_openib.so(mca_btl_openib_prepare_src+0x82)[0x7f77d37c0362]
[node001:31255] [ 4] /apps/parallel/openmpi/3.1.0/gnu/lib/openmpi/mca_pml_ob1.so(mca_pml_ob1_send_request_start_rndv+0x1ca)[0x7f77d298a97a]
[node001:31255] [ 5] /apps/parallel/openmpi/3.1.0/gnu/lib/openmpi/mca_pml_ob1.so(mca_pml_ob1_send+0xdf1)[0x7f77d2977601]
[node001:31255] [ 6] /apps/parallel/openmpi/3.1.0/gnu/lib/openmpi/mca_coll_basic.so(mca_coll_basic_scatterv_intra+0xff)[0x7f77d1b2002f]
[node001:31255] [ 7] /apps/parallel/openmpi/3.1.0/gnu/lib/libmpi.so.40(PMPI_Scatterv+0x118)[0x7f77e55dba58]
[node001:31255] [ 8] ./CompBoundJacobi[0x401409]
[node001:31255] [ 9] /lib64/libc.so.6(__libc_start_main+0x100)[0x7f77e4fc3d20]
[node001:31255] [10] ./CompBoundJacobi[0x401e61]
[node001:31255] *** End of error message ***
--------------------------------------------------------------------------
mpirun noticed that process rank 0 with PID 0 on node node001 exited on signal 11 (Segmentation fault).
--------------------------------------------------------------------------
[node001:31443] *** Process received signal ***
[node001:31443] Signal: Segmentation fault (11)
[node001:31443] Signal code: Address not mapped (1)
[node001:31443] Failing at address: 0x7fdf79d42010
[node001:31443] [ 0] /lib64/libpthread.so.0(+0xf7e0)[0x7fe883ebe7e0]
[node001:31443] [ 1] /lib64/libc.so.6(memcpy+0x15b)[0x7fe883ba487b]
[node001:31443] [ 2] /apps/parallel/openmpi/3.1.0/gnu/lib/libopen-pal.so.40(opal_generic_simple_pack+0x4ad)[0x7fe8835a7c1d]
[node001:31443] [ 3] /apps/parallel/openmpi/3.1.0/gnu/lib/openmpi/mca_btl_openib.so(mca_btl_openib_prepare_src+0x82)[0x7fe8722db362]
[node001:31443] [ 4] /apps/parallel/openmpi/3.1.0/gnu/lib/openmpi/mca_pml_ob1.so(mca_pml_ob1_send_request_start_rndv+0x1ca)[0x7fe8714a597a]
[node001:31443] [ 5] /apps/parallel/openmpi/3.1.0/gnu/lib/openmpi/mca_pml_ob1.so(mca_pml_ob1_send+0xdf1)[0x7fe871492601]
[node001:31443] [ 6] /apps/parallel/openmpi/3.1.0/gnu/lib/openmpi/mca_coll_basic.so(mca_coll_basic_scatterv_intra+0xff)[0x7fe87063b02f]
[node001:31443] [ 7] /apps/parallel/openmpi/3.1.0/gnu/lib/libmpi.so.40(PMPI_Scatterv+0x118)[0x7fe884151a58]
[node001:31443] [ 8] ./CompBoundJacobi[0x401409]
[node001:31443] [ 9] /lib64/libc.so.6(__libc_start_main+0x100)[0x7fe883b39d20]
[node001:31443] [10] ./CompBoundJacobi[0x401e61]
[node001:31443] *** End of error message ***
--------------------------------------------------------------------------
mpirun noticed that process rank 0 with PID 0 on node node001 exited on signal 11 (Segmentation fault).
--------------------------------------------------------------------------
[node001:31649] *** Process received signal ***
[node001:31649] Signal: Segmentation fault (11)
[node001:31649] Signal code: Address not mapped (1)
[node001:31649] Failing at address: 0x7f1841d42010
[node001:31649] [ 0] /lib64/libpthread.so.0(+0xf7e0)[0x7f214c0457e0]
[node001:31649] [ 1] /lib64/libc.so.6(memcpy+0x15b)[0x7f214bd2b87b]
[node001:31649] [ 2] /apps/parallel/openmpi/3.1.0/gnu/lib/libopen-pal.so.40(opal_generic_simple_pack+0x4ad)[0x7f214b72ec1d]
[node001:31649] [ 3] /apps/parallel/openmpi/3.1.0/gnu/lib/openmpi/mca_btl_openib.so(mca_btl_openib_prepare_src+0x82)[0x7f213a2db362]
[node001:31649] [ 4] /apps/parallel/openmpi/3.1.0/gnu/lib/openmpi/mca_pml_ob1.so(mca_pml_ob1_send_request_start_rndv+0x1ca)[0x7f21394a597a]
[node001:31649] [ 5] /apps/parallel/openmpi/3.1.0/gnu/lib/openmpi/mca_pml_ob1.so(mca_pml_ob1_send+0xdf1)[0x7f2139492601]
[node001:31649] [ 6] /apps/parallel/openmpi/3.1.0/gnu/lib/openmpi/mca_coll_basic.so(mca_coll_basic_scatterv_intra+0xff)[0x7f213863b02f]
[node001:31649] [ 7] /apps/parallel/openmpi/3.1.0/gnu/lib/libmpi.so.40(PMPI_Scatterv+0x118)[0x7f214c2d8a58]
[node001:31649] [ 8] ./CompBoundJacobi[0x401409]
[node001:31649] [ 9] /lib64/libc.so.6(__libc_start_main+0x100)[0x7f214bcc0d20]
[node001:31649] [10] ./CompBoundJacobi[0x401e61]
[node001:31649] *** End of error message ***
--------------------------------------------------------------------------
mpirun noticed that process rank 0 with PID 0 on node node001 exited on signal 11 (Segmentation fault).
--------------------------------------------------------------------------
[node001:31836] *** Process received signal ***
[node001:31836] Signal: Segmentation fault (11)
[node001:31836] Signal code: Address not mapped (1)
[node001:31836] Failing at address: 0x7fcaf4ec2010
[node001:31836] [ 0] /lib64/libpthread.so.0(+0xf7e0)[0x7fd3feeba7e0]
[node001:31836] [ 1] /lib64/libc.so.6(memcpy+0x15b)[0x7fd3feba087b]
[node001:31836] [ 2] /apps/parallel/openmpi/3.1.0/gnu/lib/libopen-pal.so.40(opal_generic_simple_pack+0x4ad)[0x7fd3fe5a3c1d]
[node001:31836] [ 3] /apps/parallel/openmpi/3.1.0/gnu/lib/openmpi/mca_btl_openib.so(mca_btl_openib_prepare_src+0x82)[0x7fd3f1266362]
[node001:31836] [ 4] /apps/parallel/openmpi/3.1.0/gnu/lib/openmpi/mca_pml_ob1.so(mca_pml_ob1_send_request_start_rndv+0x1ca)[0x7fd3f043097a]
[node001:31836] [ 5] /apps/parallel/openmpi/3.1.0/gnu/lib/openmpi/mca_pml_ob1.so(mca_pml_ob1_send+0xdf1)[0x7fd3f041d601]
[node001:31836] [ 6] /apps/parallel/openmpi/3.1.0/gnu/lib/openmpi/mca_coll_basic.so(mca_coll_basic_scatterv_intra+0xff)[0x7fd3eb5bd02f]
[node001:31836] [ 7] /apps/parallel/openmpi/3.1.0/gnu/lib/libmpi.so.40(PMPI_Scatterv+0x118)[0x7fd3ff14da58]
[node001:31836] [ 8] ./CompBoundJacobi[0x401409]
[node001:31836] [ 9] /lib64/libc.so.6(__libc_start_main+0x100)[0x7fd3feb35d20]
[node001:31836] [10] ./CompBoundJacobi[0x401e61]
[node001:31836] *** End of error message ***
--------------------------------------------------------------------------
mpirun noticed that process rank 0 with PID 0 on node node001 exited on signal 11 (Segmentation fault).
--------------------------------------------------------------------------
[node001:32038] *** Process received signal ***
[node001:32038] Signal: Segmentation fault (11)
[node001:32038] Signal code: Address not mapped (1)
[node001:32038] Failing at address: 0x7f1729d42010
[node001:32038] [ 0] /lib64/libpthread.so.0(+0xf7e0)[0x7f20340237e0]
[node001:32038] [ 1] /lib64/libc.so.6(memcpy+0x15b)[0x7f2033d0987b]
[node001:32038] [ 2] /apps/parallel/openmpi/3.1.0/gnu/lib/libopen-pal.so.40(opal_generic_simple_pack+0x4ad)[0x7f203370cc1d]
[node001:32038] [ 3] /apps/parallel/openmpi/3.1.0/gnu/lib/openmpi/mca_btl_openib.so(mca_btl_openib_prepare_src+0x82)[0x7f20222db362]
[node001:32038] [ 4] /apps/parallel/openmpi/3.1.0/gnu/lib/openmpi/mca_pml_ob1.so(mca_pml_ob1_send_request_start_rndv+0x1ca)[0x7f20214a597a]
[node001:32038] [ 5] /apps/parallel/openmpi/3.1.0/gnu/lib/openmpi/mca_pml_ob1.so(mca_pml_ob1_send+0xdf1)[0x7f2021492601]
[node001:32038] [ 6] /apps/parallel/openmpi/3.1.0/gnu/lib/openmpi/mca_coll_basic.so(mca_coll_basic_scatterv_intra+0xff)[0x7f202063b02f]
[node001:32038] [ 7] /apps/parallel/openmpi/3.1.0/gnu/lib/libmpi.so.40(PMPI_Scatterv+0x118)[0x7f20342b6a58]
[node001:32038] [ 8] ./CompBoundJacobi[0x401409]
[node001:32038] [ 9] /lib64/libc.so.6(__libc_start_main+0x100)[0x7f2033c9ed20]
[node001:32038] [10] ./CompBoundJacobi[0x401e61]
[node001:32038] *** End of error message ***
--------------------------------------------------------------------------
mpirun noticed that process rank 0 with PID 0 on node node001 exited on signal 11 (Segmentation fault).
--------------------------------------------------------------------------
[node001:32230] *** Process received signal ***
[node001:32230] Signal: Segmentation fault (11)
[node001:32230] Signal code: Address not mapped (1)
[node001:32230] Failing at address: 0x7fdadac1c010
[node001:32230] [ 0] /lib64/libpthread.so.0(+0xf7e0)[0x7fe3e4d127e0]
[node001:32230] [ 1] /lib64/libc.so.6(memcpy+0x15b)[0x7fe3e49f887b]
[node001:32230] [ 2] /apps/parallel/openmpi/3.1.0/gnu/lib/libopen-pal.so.40(opal_generic_simple_pack+0x4ad)[0x7fe3e43fbc1d]
[node001:32230] [ 3] /apps/parallel/openmpi/3.1.0/gnu/lib/openmpi/mca_btl_openib.so(mca_btl_openib_prepare_src+0x82)[0x7fe3d31b5362]
[node001:32230] [ 4] /apps/parallel/openmpi/3.1.0/gnu/lib/openmpi/mca_pml_ob1.so(mca_pml_ob1_send_request_start_rndv+0x1ca)[0x7fe3d237f97a]
[node001:32230] [ 5] /apps/parallel/openmpi/3.1.0/gnu/lib/openmpi/mca_pml_ob1.so(mca_pml_ob1_send+0xdf1)[0x7fe3d236c601]
[node001:32230] [ 6] /apps/parallel/openmpi/3.1.0/gnu/lib/openmpi/mca_coll_basic.so(mca_coll_basic_scatterv_intra+0xff)[0x7fe3d151502f]
[node001:32230] [ 7] /apps/parallel/openmpi/3.1.0/gnu/lib/libmpi.so.40(PMPI_Scatterv+0x118)[0x7fe3e4fa5a58]
[node001:32230] [ 8] ./CompBoundJacobi[0x401409]
[node001:32230] [ 9] /lib64/libc.so.6(__libc_start_main+0x100)[0x7fe3e498dd20]
[node001:32230] [10] ./CompBoundJacobi[0x401e61]
[node001:32230] *** End of error message ***
--------------------------------------------------------------------------
mpirun noticed that process rank 0 with PID 0 on node node001 exited on signal 11 (Segmentation fault).
--------------------------------------------------------------------------
[node001:32412] *** Process received signal ***
[node001:32412] Signal: Segmentation fault (11)
[node001:32412] Signal code: Address not mapped (1)
[node001:32412] Failing at address: 0x7fe148ac0010
[node001:32412] [ 0] /lib64/libpthread.so.0(+0xf7e0)[0x7fea52cdb7e0]
[node001:32412] [ 1] /lib64/libc.so.6(memcpy+0x15b)[0x7fea529c187b]
[node001:32412] [ 2] /apps/parallel/openmpi/3.1.0/gnu/lib/libopen-pal.so.40(opal_generic_simple_pack+0x4ad)[0x7fea523c4c1d]
[node001:32412] [ 3] /apps/parallel/openmpi/3.1.0/gnu/lib/openmpi/mca_btl_openib.so(mca_btl_openib_prepare_src+0x82)[0x7fea45064362]
[node001:32412] [ 4] /apps/parallel/openmpi/3.1.0/gnu/lib/openmpi/mca_pml_ob1.so(mca_pml_ob1_send_request_start_rndv+0x1ca)[0x7fea4422e97a]
[node001:32412] [ 5] /apps/parallel/openmpi/3.1.0/gnu/lib/openmpi/mca_pml_ob1.so(mca_pml_ob1_send+0xdf1)[0x7fea4421b601]
[node001:32412] [ 6] /apps/parallel/openmpi/3.1.0/gnu/lib/openmpi/mca_coll_basic.so(mca_coll_basic_scatterv_intra+0xff)[0x7fea3f3b902f]
[node001:32412] [ 7] /apps/parallel/openmpi/3.1.0/gnu/lib/libmpi.so.40(PMPI_Scatterv+0x118)[0x7fea52f6ea58]
[node001:32412] [ 8] ./CompBoundJacobi[0x401409]
[node001:32412] [ 9] /lib64/libc.so.6(__libc_start_main+0x100)[0x7fea52956d20]
[node001:32412] [10] ./CompBoundJacobi[0x401e61]
[node001:32412] *** End of error message ***
--------------------------------------------------------------------------
mpirun noticed that process rank 0 with PID 0 on node node001 exited on signal 11 (Segmentation fault).
--------------------------------------------------------------------------
[node001:32612] *** Process received signal ***
[node001:32612] Signal: Segmentation fault (11)
[node001:32612] Signal code: Address not mapped (1)
[node001:32612] Failing at address: 0x7f714b626010
[node001:32612] [ 0] /lib64/libpthread.so.0(+0xf7e0)[0x7f7a5567e7e0]
[node001:32612] [ 1] /lib64/libc.so.6(memcpy+0x15b)[0x7f7a5536487b]
[node001:32612] [ 2] /apps/parallel/openmpi/3.1.0/gnu/lib/libopen-pal.so.40(opal_generic_simple_pack+0x4ad)[0x7f7a54d67c1d]
[node001:32612] [ 3] /apps/parallel/openmpi/3.1.0/gnu/lib/openmpi/mca_btl_openib.so(mca_btl_openib_prepare_src+0x82)[0x7f7a437c0362]
[node001:32612] [ 4] /apps/parallel/openmpi/3.1.0/gnu/lib/openmpi/mca_pml_ob1.so(mca_pml_ob1_send_request_start_rndv+0x1ca)[0x7f7a42b8c97a]
[node001:32612] [ 5] /apps/parallel/openmpi/3.1.0/gnu/lib/openmpi/mca_pml_ob1.so(mca_pml_ob1_send+0xdf1)[0x7f7a42b79601]
[node001:32612] [ 6] /apps/parallel/openmpi/3.1.0/gnu/lib/openmpi/mca_coll_basic.so(mca_coll_basic_scatterv_intra+0xff)[0x7f7a41d2202f]
[node001:32612] [ 7] /apps/parallel/openmpi/3.1.0/gnu/lib/libmpi.so.40(PMPI_Scatterv+0x118)[0x7f7a55911a58]
[node001:32612] [ 8] ./CompBoundJacobi[0x401409]
[node001:32612] [ 9] /lib64/libc.so.6(__libc_start_main+0x100)[0x7f7a552f9d20]
[node001:32612] [10] ./CompBoundJacobi[0x401e61]
[node001:32612] *** End of error message ***
--------------------------------------------------------------------------
mpirun noticed that process rank 0 with PID 0 on node node001 exited on signal 11 (Segmentation fault).
--------------------------------------------------------------------------
[node001:00428] *** Process received signal ***
[node001:00428] Signal: Segmentation fault (11)
[node001:00428] Signal code: Address not mapped (1)
[node001:00428] Failing at address: 0x7feb3e413010
[node001:00428] [ 0] /lib64/libpthread.so.0(+0xf7e0)[0x7ff4485d27e0]
[node001:00428] [ 1] /lib64/libc.so.6(memcpy+0x15b)[0x7ff4482b887b]
[node001:00428] [ 2] /apps/parallel/openmpi/3.1.0/gnu/lib/libopen-pal.so.40(opal_generic_simple_pack+0x4ad)[0x7ff447cbbc1d]
[node001:00428] [ 3] /apps/parallel/openmpi/3.1.0/gnu/lib/openmpi/mca_btl_openib.so(mca_btl_openib_prepare_src+0x82)[0x7ff4369ac362]
[node001:00428] [ 4] /apps/parallel/openmpi/3.1.0/gnu/lib/openmpi/mca_pml_ob1.so(mca_pml_ob1_send_request_start_rndv+0x1ca)[0x7ff435b7697a]
[node001:00428] [ 5] /apps/parallel/openmpi/3.1.0/gnu/lib/openmpi/mca_pml_ob1.so(mca_pml_ob1_send+0xdf1)[0x7ff435b63601]
[node001:00428] [ 6] /apps/parallel/openmpi/3.1.0/gnu/lib/openmpi/mca_coll_basic.so(mca_coll_basic_scatterv_intra+0xff)[0x7ff434d0c02f]
[node001:00428] [ 7] /apps/parallel/openmpi/3.1.0/gnu/lib/libmpi.so.40(PMPI_Scatterv+0x118)[0x7ff448865a58]
[node001:00428] [ 8] ./CompBoundJacobi[0x401409]
[node001:00428] [ 9] /lib64/libc.so.6(__libc_start_main+0x100)[0x7ff44824dd20]
[node001:00428] [10] ./CompBoundJacobi[0x401e61]
[node001:00428] *** End of error message ***
--------------------------------------------------------------------------
mpirun noticed that process rank 0 with PID 0 on node node001 exited on signal 11 (Segmentation fault).
--------------------------------------------------------------------------
[node001:00658] *** Process received signal ***
[node001:00658] Signal: Segmentation fault (11)
[node001:00658] Signal code: Address not mapped (1)
[node001:00658] Failing at address: 0x7f378ac15010
[node001:00658] [ 0] /lib64/libpthread.so.0(+0xf7e0)[0x7f4094c637e0]
[node001:00658] [ 1] /lib64/libc.so.6(memcpy+0x15b)[0x7f409494987b]
[node001:00658] [ 2] /apps/parallel/openmpi/3.1.0/gnu/lib/libopen-pal.so.40(opal_generic_simple_pack+0x4ad)[0x7f409434cc1d]
[node001:00658] [ 3] /apps/parallel/openmpi/3.1.0/gnu/lib/openmpi/mca_btl_openib.so(mca_btl_openib_prepare_src+0x82)[0x7f4082daf362]
[node001:00658] [ 4] /apps/parallel/openmpi/3.1.0/gnu/lib/openmpi/mca_pml_ob1.so(mca_pml_ob1_send_request_start_rndv+0x1ca)[0x7f408217b97a]
[node001:00658] [ 5] /apps/parallel/openmpi/3.1.0/gnu/lib/openmpi/mca_pml_ob1.so(mca_pml_ob1_send+0xdf1)[0x7f4082168601]
[node001:00658] [ 6] /apps/parallel/openmpi/3.1.0/gnu/lib/openmpi/mca_coll_basic.so(mca_coll_basic_scatterv_intra+0xff)[0x7f408131102f]
[node001:00658] [ 7] /apps/parallel/openmpi/3.1.0/gnu/lib/libmpi.so.40(PMPI_Scatterv+0x118)[0x7f4094ef6a58]
[node001:00658] [ 8] ./CompBoundJacobi[0x401409]
[node001:00658] [ 9] /lib64/libc.so.6(__libc_start_main+0x100)[0x7f40948ded20]
[node001:00658] [10] ./CompBoundJacobi[0x401e61]
[node001:00658] *** End of error message ***
--------------------------------------------------------------------------
mpirun noticed that process rank 0 with PID 0 on node node001 exited on signal 11 (Segmentation fault).
--------------------------------------------------------------------------
[node001:00860] *** Process received signal ***
[node001:00860] Signal: Segmentation fault (11)
[node001:00860] Signal code: Address not mapped (1)
[node001:00860] Failing at address: 0x7f9c9be86010
[node001:00860] [ 0] /lib64/libpthread.so.0(+0xf7e0)[0x7fa5a5fe17e0]
[node001:00860] [ 1] /lib64/libc.so.6(memcpy+0x15b)[0x7fa5a5cc787b]
[node001:00860] [ 2] /apps/parallel/openmpi/3.1.0/gnu/lib/libopen-pal.so.40(opal_generic_simple_pack+0x4ad)[0x7fa5a56cac1d]
[node001:00860] [ 3] /apps/parallel/openmpi/3.1.0/gnu/lib/openmpi/mca_btl_openib.so(mca_btl_openib_prepare_src+0x82)[0x7fa598451362]
[node001:00860] [ 4] /apps/parallel/openmpi/3.1.0/gnu/lib/openmpi/mca_pml_ob1.so(mca_pml_ob1_send_request_start_rndv+0x1ca)[0x7fa5935ee97a]
[node001:00860] [ 5] /apps/parallel/openmpi/3.1.0/gnu/lib/openmpi/mca_pml_ob1.so(mca_pml_ob1_send+0xdf1)[0x7fa5935db601]
[node001:00860] [ 6] /apps/parallel/openmpi/3.1.0/gnu/lib/openmpi/mca_coll_basic.so(mca_coll_basic_scatterv_intra+0xff)[0x7fa59278402f]
[node001:00860] [ 7] /apps/parallel/openmpi/3.1.0/gnu/lib/libmpi.so.40(PMPI_Scatterv+0x118)[0x7fa5a6274a58]
[node001:00860] [ 8] ./CompBoundJacobi[0x401409]
[node001:00860] [ 9] /lib64/libc.so.6(__libc_start_main+0x100)[0x7fa5a5c5cd20]
[node001:00860] [10] ./CompBoundJacobi[0x401e61]
[node001:00860] *** End of error message ***
--------------------------------------------------------------------------
mpirun noticed that process rank 0 with PID 0 on node node001 exited on signal 11 (Segmentation fault).
--------------------------------------------------------------------------
[node001:01047] *** Process received signal ***
[node001:01047] Signal: Segmentation fault (11)
[node001:01047] Signal code: Address not mapped (1)
[node001:01047] Failing at address: 0x7f955be86010
[node001:01047] [ 0] /lib64/libpthread.so.0(+0xf7e0)[0x7f9e65fb37e0]
[node001:01047] [ 1] /lib64/libc.so.6(memcpy+0x15b)[0x7f9e65c9987b]
[node001:01047] [ 2] /apps/parallel/openmpi/3.1.0/gnu/lib/libopen-pal.so.40(opal_generic_simple_pack+0x4ad)[0x7f9e6569cc1d]
[node001:01047] [ 3] /apps/parallel/openmpi/3.1.0/gnu/lib/openmpi/mca_btl_openib.so(mca_btl_openib_prepare_src+0x82)[0x7f9e58451362]
[node001:01047] [ 4] /apps/parallel/openmpi/3.1.0/gnu/lib/openmpi/mca_pml_ob1.so(mca_pml_ob1_send_request_start_rndv+0x1ca)[0x7f9e535ee97a]
[node001:01047] [ 5] /apps/parallel/openmpi/3.1.0/gnu/lib/openmpi/mca_pml_ob1.so(mca_pml_ob1_send+0xdf1)[0x7f9e535db601]
[node001:01047] [ 6] /apps/parallel/openmpi/3.1.0/gnu/lib/openmpi/mca_coll_basic.so(mca_coll_basic_scatterv_intra+0xff)[0x7f9e5278402f]
[node001:01047] [ 7] /apps/parallel/openmpi/3.1.0/gnu/lib/libmpi.so.40(PMPI_Scatterv+0x118)[0x7f9e66246a58]
[node001:01047] [ 8] ./CompBoundJacobi[0x401409]
[node001:01047] [ 9] /lib64/libc.so.6(__libc_start_main+0x100)[0x7f9e65c2ed20]
[node001:01047] [10] ./CompBoundJacobi[0x401e61]
[node001:01047] *** End of error message ***
--------------------------------------------------------------------------
mpirun noticed that process rank 0 with PID 0 on node node001 exited on signal 11 (Segmentation fault).
--------------------------------------------------------------------------
