#-----------------------------------------------------------------------------
# Benchmarking Exchange
# #processes = 2
# ( 1278 additional processes waiting in MPI_Barrier)
#-----------------------------------------------------------------------------
       Message Size, Repetitions, t_min[usec], t_max[usec], Communication Time, Mbytes/sec, Number of Processes
0, 1000, 1.67, 1.67, 1.67, 0.00, 2
1, 1000, 1.68, 1.68, 1.68, 2.38, 2
2, 1000, 1.69, 1.69, 1.69, 4.73, 2
4, 1000, 1.69, 1.69, 1.69, 9.47, 2
8, 1000, 1.70, 1.70, 1.70, 18.83, 2
16, 1000, 1.73, 1.73, 1.73, 37.03, 2
32, 1000, 1.76, 1.76, 1.76, 72.91, 2
64, 1000, 1.82, 1.82, 1.82, 140.52, 2
128, 1000, 2.24, 2.24, 2.24, 228.54, 2
256, 1000, 2.52, 2.52, 2.52, 406.61, 2
512, 1000, 2.76, 2.76, 2.76, 741.41, 2
1024, 1000, 3.16, 3.16, 3.16, 1294.31, 2
2048, 1000, 3.95, 3.96, 3.95, 2071.26, 2
4096, 1000, 5.19, 5.20, 5.19, 3153.70, 2
8192, 1000, 7.85, 7.86, 7.85, 4171.35, 2
16384, 1000, 16.01, 16.01, 16.01, 4092.54, 2
32768, 1000, 23.27, 23.27, 23.27, 5631.75, 2
65536, 640, 36.78, 36.78, 36.78, 7126.63, 2
131072, 320, 66.78, 66.78, 66.78, 7850.92, 2
262144, 160, 123.92, 123.92, 123.92, 8461.46, 2
524288, 80, 234.69, 234.69, 234.69, 8935.67, 2
1048576, 40, 469.04, 469.05, 469.04, 8942.18, 2
2097152, 20, 967.70, 967.74, 967.72, 8668.27, 2
4194304, 10, 2136.91, 2136.92, 2136.91, 7851.13, 2

#-----------------------------------------------------------------------------
# Benchmarking Exchange
# #processes = 4
# ( 1276 additional processes waiting in MPI_Barrier)
#-----------------------------------------------------------------------------
       Message Size, Repetitions, t_min[usec], t_max[usec], Communication Time, Mbytes/sec, Number of Processes
, 0, 1000, 1.59, 1.59, 1.59, 0.00, 4
, 1, 1000, 1.70, 1.70, 1.70, 2.35, 4
, 2, 1000, 1.68, 1.69, 1.68, 4.75, 4
, 4, 1000, 1.69, 1.69, 1.69, 9.48, 4
, 8, 1000, 1.72, 1.72, 1.72, 18.65, 4
, 16, 1000, 1.72, 1.73, 1.72, 37.10, 4
, 32, 1000, 1.78, 1.78, 1.78, 71.94, 4
, 64, 1000, 1.83, 1.83, 1.83, 140.03, 4
, 128, 1000, 2.26, 2.26, 2.26, 226.87, 4
, 256, 1000, 2.54, 2.54, 2.54, 402.36, 4
, 512, 1000, 2.79, 2.80, 2.80, 732.23, 4
, 1024, 1000, 3.26, 3.27, 3.27, 1253.91, 4
, 2048, 1000, 4.22, 4.22, 4.22, 1939.42, 4
, 4096, 1000, 5.47, 5.47, 5.47, 2994.61, 4
, 8192, 1000, 8.21, 8.21, 8.21, 3990.93, 4
, 16384, 1000, 17.43, 17.43, 17.43, 3759.43, 4
, 32768, 1000, 25.84, 25.85, 25.84, 5071.35, 4
, 65536, 640, 41.08, 41.08, 41.08, 6381.28, 4
, 131072, 320, 70.58, 70.61, 70.59, 7425.09, 4
, 262144, 160, 125.77, 125.83, 125.80, 8333.36, 4
, 524288, 80, 235.06, 235.22, 235.14, 8915.77, 4
, 1048576, 40, 470.38, 470.48, 470.44, 8914.88, 4
, 2097152, 20, 961.81, 963.56, 962.69, 8705.82, 4
, 4194304, 10, 2142.86, 2152.61, 2147.69, 7793.89, 4

#-----------------------------------------------------------------------------
# Benchmarking Exchange
# #processes = 8
# ( 1272 additional processes waiting in MPI_Barrier)
#-----------------------------------------------------------------------------
       Message Size, Repetitions, t_min[usec], t_max[usec], Communication Time, Mbytes/sec, Number of Processes
, 0, 1000, 2.27, 2.27, 2.27, 0.00, 8
, 1, 1000, 2.35, 2.36, 2.36, 1.69, 8
, 2, 1000, 2.37, 2.37, 2.37, 3.37, 8
, 4, 1000, 2.35, 2.36, 2.36, 6.79, 8
, 8, 1000, 2.38, 2.38, 2.38, 13.43, 8
, 16, 1000, 2.42, 2.42, 2.42, 26.47, 8
, 32, 1000, 2.45, 2.46, 2.45, 52.12, 8
, 64, 1000, 2.54, 2.54, 2.54, 100.65, 8
, 128, 1000, 2.93, 2.94, 2.93, 174.43, 8
, 256, 1000, 3.21, 3.21, 3.21, 319.01, 8
, 512, 1000, 3.44, 3.44, 3.44, 594.60, 8
, 1024, 1000, 3.90, 3.91, 3.91, 1047.73, 8
, 2048, 1000, 4.86, 4.86, 4.86, 1684.98, 8
, 4096, 1000, 6.11, 6.11, 6.11, 2680.22, 8
, 8192, 1000, 8.85, 8.85, 8.85, 3701.63, 8
, 16384, 1000, 19.05, 19.06, 19.05, 3439.15, 8
, 32768, 1000, 26.95, 26.96, 26.95, 4862.18, 8
, 65536, 640, 42.20, 42.21, 42.21, 6210.26, 8
, 131072, 320, 74.98, 75.06, 75.02, 6985.33, 8
, 262144, 160, 140.10, 140.32, 140.22, 7472.89, 8
, 524288, 80, 277.39, 279.09, 278.30, 7514.15, 8
, 1048576, 40, 492.58, 494.50, 493.39, 8481.89, 8
, 2097152, 20, 961.85, 964.16, 963.14, 8700.45, 8
, 4194304, 10, 2165.46, 2173.22, 2170.35, 7720.00, 8

#-----------------------------------------------------------------------------
# Benchmarking Exchange
# #processes = 16
# ( 1264 additional processes waiting in MPI_Barrier)
#-----------------------------------------------------------------------------
       Message Size, Repetitions, t_min[usec], t_max[usec], Communication Time, Mbytes/sec, Number of Processes
, 0, 1000, 2.24, 2.25, 2.25, 0.00, 16
, 1, 1000, 2.32, 2.33, 2.32, 1.72, 16
, 2, 1000, 2.37, 2.38, 2.38, 3.36, 16
, 4, 1000, 2.33, 2.34, 2.33, 6.85, 16
, 8, 1000, 2.36, 2.37, 2.37, 13.52, 16
, 16, 1000, 2.41, 2.42, 2.41, 26.43, 16
, 32, 1000, 2.43, 2.43, 2.43, 52.62, 16
, 64, 1000, 2.52, 2.52, 2.52, 101.57, 16
, 128, 1000, 2.92, 2.93, 2.92, 174.97, 16
, 256, 1000, 3.13, 3.13, 3.13, 326.94, 16
, 512, 1000, 3.48, 3.49, 3.48, 587.35, 16
, 1024, 1000, 3.86, 3.87, 3.86, 1059.55, 16
, 2048, 1000, 4.82, 4.82, 4.82, 1698.36, 16
, 4096, 1000, 6.03, 6.04, 6.03, 2714.82, 16
, 8192, 1000, 9.73, 9.74, 9.74, 3363.58, 16
, 16384, 1000, 19.14, 19.17, 19.15, 3418.63, 16
, 32768, 1000, 27.32, 27.33, 27.32, 4796.58, 16
, 65536, 640, 42.59, 42.60, 42.60, 6153.01, 16
, 131072, 320, 74.87, 75.01, 74.94, 6989.98, 16
, 262144, 160, 137.28, 137.60, 137.46, 7620.22, 16
, 524288, 80, 256.66, 258.63, 257.99, 8108.67, 16
, 1048576, 40, 498.31, 503.54, 501.41, 8329.59, 16
, 2097152, 20, 965.64, 972.79, 969.26, 8623.25, 16
, 4194304, 10, 2149.89, 2166.63, 2159.81, 7743.47, 16

#-----------------------------------------------------------------------------
# Benchmarking Exchange
# #processes = 32
# ( 1248 additional processes waiting in MPI_Barrier)
#-----------------------------------------------------------------------------
       Message Size, Repetitions, t_min[usec], t_max[usec], Communication Time, Mbytes/sec, Number of Processes
, 0, 1000, 2.26, 2.27, 2.26, 0.00, 32
, 1, 1000, 2.46, 2.48, 2.47, 1.62, 32
, 2, 1000, 2.37, 2.38, 2.37, 3.37, 32
, 4, 1000, 2.45, 2.46, 2.45, 6.52, 32
, 8, 1000, 2.41, 2.42, 2.42, 13.23, 32
, 16, 1000, 2.47, 2.48, 2.48, 25.78, 32
, 32, 1000, 2.49, 2.50, 2.49, 51.28, 32
, 64, 1000, 2.66, 2.67, 2.66, 95.97, 32
, 128, 1000, 3.22, 3.24, 3.23, 158.05, 32
, 256, 1000, 3.28, 3.29, 3.29, 311.12, 32
, 512, 1000, 3.45, 3.46, 3.46, 591.55, 32
, 1024, 1000, 3.91, 3.92, 3.92, 1045.10, 32
, 2048, 1000, 4.94, 4.95, 4.94, 1655.05, 32
, 4096, 1000, 6.24, 6.26, 6.25, 2617.94, 32
, 8192, 1000, 8.91, 8.93, 8.92, 3670.56, 32
, 16384, 1000, 20.29, 20.31, 20.30, 3226.18, 32
, 32768, 1000, 27.42, 27.44, 27.43, 4777.25, 32
, 65536, 640, 42.58, 42.61, 42.59, 6152.47, 32
, 131072, 320, 76.13, 76.90, 76.40, 6817.93, 32
, 262144, 160, 138.59, 139.99, 139.27, 7490.52, 32
, 524288, 80, 256.71, 261.06, 258.64, 8033.13, 32
, 1048576, 40, 483.58, 494.37, 488.65, 8484.19, 32
, 2097152, 20, 956.32, 964.51, 961.23, 8697.25, 32
, 4194304, 10, 2115.00, 2133.22, 2124.08, 7864.75, 32

#-----------------------------------------------------------------------------
# Benchmarking Exchange
# #processes = 64
# ( 1216 additional processes waiting in MPI_Barrier)
#-----------------------------------------------------------------------------
       Message Size, Repetitions, t_min[usec], t_max[usec], Communication Time, Mbytes/sec, Number of Processes
, 0, 1000, 2.29, 2.38, 2.33, 0.00, 64
, 1, 1000, 3.15, 3.17, 3.16, 1.26, 64
, 2, 1000, 2.38, 2.39, 2.39, 3.34, 64
, 4, 1000, 2.38, 2.42, 2.41, 6.61, 64
, 8, 1000, 3.07, 3.14, 3.13, 10.21, 64
, 16, 1000, 2.46, 2.48, 2.47, 25.82, 64
, 32, 1000, 2.47, 2.50, 2.49, 51.29, 64
, 64, 1000, 2.62, 2.74, 2.66, 93.46, 64
, 128, 1000, 2.94, 2.96, 2.95, 173.12, 64
, 256, 1000, 3.18, 3.19, 3.18, 321.00, 64
, 512, 1000, 3.76, 3.79, 3.78, 540.07, 64
, 1024, 1000, 4.45, 4.48, 4.46, 914.99, 64
, 2048, 1000, 4.90, 4.91, 4.91, 1666.84, 64
, 4096, 1000, 6.09, 6.11, 6.10, 2681.82, 64
, 8192, 1000, 8.88, 8.89, 8.88, 3684.26, 64
, 16384, 1000, 19.09, 19.11, 19.10, 3428.59, 64
, 32768, 1000, 27.47, 27.50, 27.49, 4766.18, 64
, 65536, 640, 44.57, 44.67, 44.62, 5869.07, 64
, 131072, 320, 74.90, 75.18, 75.05, 6974.04, 64
, 262144, 160, 136.25, 137.78, 136.91, 7610.79, 64
, 524288, 80, 250.21, 256.07, 253.38, 8189.82, 64
, 1048576, 40, 479.05, 501.51, 488.68, 8363.43, 64
, 2097152, 20, 955.69, 1024.84, 980.38, 8185.31, 64
, 4194304, 10, 2129.46, 2170.62, 2144.51, 7729.23, 64

#-----------------------------------------------------------------------------
# Benchmarking Exchange
# #processes = 128
# ( 1152 additional processes waiting in MPI_Barrier)
#-----------------------------------------------------------------------------
       Message Size, Repetitions, t_min[usec], t_max[usec], Communication Time, Mbytes/sec, Number of Processes
, 0, 1000, 2.88, 2.92, 2.90, 0.00, 128
, 1, 1000, 2.59, 2.65, 2.63, 1.51, 128
, 2, 1000, 2.89, 2.95, 2.93, 2.71, 128
, 4, 1000, 2.58, 2.64, 2.61, 6.06, 128
, 8, 1000, 2.86, 2.93, 2.90, 10.94, 128
, 16, 1000, 2.95, 3.00, 2.98, 21.31, 128
, 32, 1000, 2.72, 2.77, 2.75, 46.25, 128
, 64, 1000, 4.81, 4.88, 4.86, 52.46, 128
, 128, 1000, 3.58, 3.65, 3.62, 140.23, 128
, 256, 1000, 4.53, 4.60, 4.57, 222.45, 128
, 512, 1000, 4.34, 4.44, 4.39, 461.67, 128
, 1024, 1000, 4.93, 5.01, 4.98, 816.77, 128
, 2048, 1000, 5.89, 5.98, 5.94, 1370.80, 128
, 4096, 1000, 8.09, 8.19, 8.15, 2001.23, 128
, 8192, 1000, 12.76, 12.91, 12.86, 2538.53, 128
, 16384, 1000, 25.84, 25.90, 25.87, 2530.23, 128
, 32768, 1000, 43.72, 43.81, 43.77, 2992.11, 128
, 65536, 640, 82.25, 82.69, 82.54, 3170.17, 128
, 131072, 320, 136.33, 137.70, 137.10, 3807.47, 128
, 262144, 160, 248.30, 253.01, 250.50, 4144.48, 128
, 524288, 80, 463.45, 469.72, 467.22, 4464.72, 128
, 1048576, 40, 939.28, 966.44, 957.40, 4339.94, 128
, 2097152, 20, 1852.21, 1962.14, 1900.20, 4275.24, 128
, 4194304, 10, 3969.93, 4156.64, 4055.78, 4036.24, 128

#-----------------------------------------------------------------------------
# Benchmarking Exchange
# #processes = 256
# ( 1024 additional processes waiting in MPI_Barrier)
#-----------------------------------------------------------------------------
       Message Size, Repetitions, t_min[usec], t_max[usec], Communication Time, Mbytes/sec, Number of Processes
, 0, 1000, 2.51, 2.58, 2.55, 0.00, 256
, 1, 1000, 2.66, 2.74, 2.69, 1.46, 256
, 2, 1000, 2.67, 2.76, 2.71, 2.90, 256
, 4, 1000, 2.66, 2.74, 2.69, 5.84, 256
, 8, 1000, 2.93, 2.98, 2.95, 10.75, 256
, 16, 1000, 2.73, 2.79, 2.76, 22.95, 256
, 32, 1000, 2.74, 2.81, 2.78, 45.56, 256
, 64, 1000, 3.46, 3.55, 3.50, 72.09, 256
, 128, 1000, 3.66, 3.73, 3.70, 137.17, 256
, 256, 1000, 4.12, 4.21, 4.17, 243.38, 256
, 512, 1000, 4.61, 4.70, 4.66, 435.95, 256
, 1024, 1000, 5.31, 5.41, 5.36, 757.76, 256
, 2048, 1000, 6.82, 6.92, 6.88, 1183.21, 256
, 4096, 1000, 9.44, 9.53, 9.49, 1719.93, 256
, 8192, 1000, 17.33, 17.41, 17.37, 1881.70, 256
, 16384, 1000, 36.26, 36.35, 36.32, 1803.00, 256
, 32768, 1000, 65.95, 67.23, 66.73, 1949.46, 256
, 65536, 640, 128.46, 129.26, 128.89, 2028.11, 256
, 131072, 320, 232.44, 234.94, 233.78, 2231.62, 256
, 262144, 160, 448.64, 456.80, 453.08, 2295.49, 256
, 524288, 80, 888.04, 901.92, 895.83, 2325.20, 256
, 1048576, 40, 1790.21, 1855.14, 1821.86, 2260.91, 256
, 2097152, 20, 3582.11, 3764.42, 3679.86, 2228.39, 256
, 4194304, 10, 7779.16, 8178.56, 7991.01, 2051.36, 256

#-----------------------------------------------------------------------------
# Benchmarking Exchange
# #processes = 512
# ( 768 additional processes waiting in MPI_Barrier)
#-----------------------------------------------------------------------------
       Message Size, Repetitions, t_min[usec], t_max[usec], Communication Time, Mbytes/sec, Number of Processes
, 0, 1000, 2.62, 2.81, 2.71, 0.00, 512
, 1, 1000, 2.80, 2.89, 2.85, 1.38, 512
, 2, 1000, 2.72, 2.87, 2.79, 2.79, 512
, 4, 1000, 2.79, 2.88, 2.84, 5.55, 512
, 8, 1000, 2.78, 2.90, 2.83, 11.03, 512
, 16, 1000, 2.92, 3.01, 2.97, 21.29, 512
, 32, 1000, 2.81, 2.96, 2.88, 43.28, 512
, 64, 1000, 3.42, 3.53, 3.48, 72.45, 512
, 128, 1000, 3.81, 3.91, 3.86, 131.02, 512
, 256, 1000, 5.50, 5.63, 5.57, 181.95, 512
, 512, 1000, 6.01, 6.16, 6.08, 332.70, 512
, 1024, 1000, 6.02, 6.15, 6.08, 666.27, 512
, 2048, 1000, 9.30, 9.45, 9.39, 866.72, 512
, 4096, 1000, 16.61, 16.77, 16.68, 977.13, 512
, 8192, 1000, 32.07, 32.80, 32.48, 998.93, 512
, 16384, 1000, 60.56, 61.23, 60.99, 1070.29, 512
, 32768, 1000, 116.09, 116.67, 116.48, 1123.45, 512
, 65536, 640, 232.94, 234.42, 233.53, 1118.24, 512
, 131072, 320, 463.41, 467.09, 465.30, 1122.45, 512
, 262144, 160, 917.04, 929.79, 923.11, 1127.76, 512
, 524288, 80, 1820.72, 1872.77, 1849.61, 1119.81, 512
, 1048576, 40, 3629.56, 3793.62, 3711.24, 1105.62, 512
, 2097152, 20, 7231.87, 7830.31, 7520.41, 1071.30, 512
, 4194304, 10, 15277.76, 16855.74, 16259.42, 995.34, 512

#-----------------------------------------------------------------------------
# Benchmarking Exchange
# #processes = 1024
# ( 256 additional processes waiting in MPI_Barrier)
#-----------------------------------------------------------------------------
       Message Size, Repetitions, t_min[usec], t_max[usec], Communication Time, Mbytes/sec, Number of Processes
, 0, 1000, 4.59, 4.77, 4.69, 0.00, 1024
, 1, 1000, 4.54, 4.75, 4.65, 0.84, 1024
, 2, 1000, 4.55, 4.74, 4.66, 1.69, 1024
, 4, 1000, 4.55, 4.76, 4.66, 3.36, 1024
, 8, 1000, 4.61, 4.83, 4.72, 6.63, 1024
, 16, 1000, 4.62, 4.80, 4.72, 13.32, 1024
, 32, 1000, 4.66, 4.86, 4.77, 26.32, 1024
, 64, 1000, 4.98, 5.18, 5.08, 49.39, 1024
, 128, 1000, 5.85, 6.35, 6.16, 80.62, 1024
, 256, 1000, 9.13, 9.39, 9.28, 109.01, 1024
, 512, 1000, 9.41, 9.73, 9.59, 210.57, 1024
, 1024, 1000, 11.64, 12.36, 11.99, 331.29, 1024
, 2048, 1000, 19.85, 20.80, 20.46, 393.83, 1024
, 4096, 1000, 36.34, 37.21, 36.78, 440.34, 1024
, 8192, 1000, 68.01, 70.02, 69.16, 467.97, 1024
, 16384, 1000, 118.49, 121.32, 120.25, 540.18, 1024
, 32768, 1000, 234.63, 236.26, 235.55, 554.77, 1024
, 65536, 640, 479.67, 485.01, 482.73, 540.49, 1024
, 131072, 320, 938.84, 960.18, 953.01, 546.03, 1024
, 262144, 160, 1873.65, 1914.47, 1897.49, 547.71, 1024
, 524288, 80, 3680.27, 3821.38, 3757.18, 548.79, 1024
, 1048576, 40, 7370.91, 7689.20, 7560.37, 545.48, 1024
, 2097152, 20, 14813.72, 15673.91, 15333.66, 535.20, 1024
, 4194304, 10, 30770.00, 33732.86, 32682.83, 497.36, 1024

#-----------------------------------------------------------------------------
# Benchmarking Exchange
# #processes = 1280
#-----------------------------------------------------------------------------
       Message Size, Repetitions, t_min[usec], t_max[usec], Communication Time, Mbytes/sec, Number of Processes
, 0, 1000, 7.34, 7.62, 7.48, 0.00, 1280
, 1, 1000, 7.58, 8.04, 7.80, 0.50, 1280
, 2, 1000, 7.33, 7.62, 7.50, 1.05, 1280
, 4, 1000, 7.41, 7.68, 7.55, 2.08, 1280
, 8, 1000, 7.50, 7.77, 7.65, 4.12, 1280
, 16, 1000, 7.40, 7.71, 7.57, 8.30, 1280
, 32, 1000, 7.30, 7.78, 7.55, 16.45, 1280
, 64, 1000, 6.79, 7.76, 7.42, 32.99, 1280
, 128, 1000, 9.05, 9.66, 9.39, 52.98, 1280
, 256, 1000, 13.62, 14.29, 13.89, 71.66, 1280
, 512, 1000, 13.93, 14.63, 14.25, 139.95, 1280
, 1024, 1000, 17.67, 18.39, 18.00, 222.74, 1280
, 2048, 1000, 27.04, 27.77, 27.47, 294.97, 1280
, 4096, 1000, 46.12, 47.32, 46.73, 346.24, 1280
, 8192, 1000, 87.85, 89.87, 88.75, 364.63, 1280
, 16384, 1000, 157.79, 159.69, 158.89, 410.39, 1280
, 32768, 1000, 296.30, 299.17, 298.09, 438.12, 1280
, 65536, 640, 597.78, 614.69, 607.17, 426.47, 1280
, 131072, 320, 1180.15, 1211.29, 1197.55, 432.83, 1280
, 262144, 160, 2356.08, 2402.64, 2381.17, 436.43, 1280
, 524288, 80, 4652.37, 4779.70, 4741.84, 438.76, 1280
, 1048576, 40, 9259.17, 9620.15, 9492.62, 435.99, 1280
, 2097152, 20, 18435.68, 19784.26, 19234.99, 424.00, 1280
, 4194304, 10, 38636.21, 43040.89, 41233.93, 389.80, 1280
#-----------------------------------------------------------------------------